0 verbose cli F:\nvm\node\node.exe F:\nvm\node\node_modules\npm\bin\npm-cli.js
1 info using npm@10.2.4
2 info using node@v20.11.1
3 timing npm:load:whichnode Completed in 2ms
4 timing config:load:defaults Completed in 2ms
5 timing config:load:file:F:\nvm\nvm\v20.11.1\node_modules\npm\npmrc Completed in 3ms
6 timing config:load:builtin Completed in 3ms
7 timing config:load:cli Completed in 2ms
8 timing config:load:env Completed in 0ms
9 timing config:load:file:F:\learn\vue\珠峰\01-vue\vue2\vue2源码系列\VUE2-3-WATCH_COMPUTED\.npmrc Completed in 1ms
10 timing config:load:project Completed in 2ms
11 timing config:load:file:C:\Users\zgy\.npmrc Completed in 2ms
12 timing config:load:user Completed in 2ms
13 timing config:load:file:F:\learn\vue\珠峰\01-vue\vue2\vue2源码系列\VUE2-3-WATCH_COMPUTED\nvm\node_globel\etc\npmrc Completed in 1ms
14 timing config:load:global Completed in 1ms
15 timing config:load:setEnvs Completed in 1ms
16 timing config:load Completed in 15ms
17 timing npm:load:configload Completed in 15ms
18 timing config:load:flatten Completed in 3ms
19 timing npm:load:mkdirpcache Completed in 0ms
20 timing npm:load:mkdirplogs Completed in 1ms
21 verbose title npm i
22 verbose argv "i"
23 timing npm:load:setTitle Completed in 1ms
24 timing npm:load:display Completed in 0ms
25 verbose logfile logs-max:10 dir:F:\learn\vue\珠峰\01-vue\vue2\vue2源码系列\VUE2-3-WATCH_COMPUTED\nvm\node_globel\_logs\2024-07-04T08_23_44_418Z-
26 verbose logfile F:\learn\vue\珠峰\01-vue\vue2\vue2源码系列\VUE2-3-WATCH_COMPUTED\nvm\node_globel\_logs\2024-07-04T08_23_44_418Z-debug-0.log
27 timing npm:load:logFile Completed in 15ms
28 timing npm:load:timers Completed in 0ms
29 timing npm:load:configScope Completed in 0ms
30 timing npm:load Completed in 69ms
31 timing arborist:ctor Completed in 1ms
32 silly logfile done cleaning log files
33 timing idealTree:init Completed in 148ms
34 timing idealTree:userRequests Completed in 0ms
35 silly idealTree buildDeps
36 timing idealTree:#root Completed in 0ms
37 timing idealTree:buildDeps Completed in 2ms
38 timing idealTree:fixDepFlags Completed in 0ms
39 timing idealTree Completed in 154ms
40 timing arborist:ctor Completed in 1ms
41 timing reify:loadTrees Completed in 209ms
42 timing reify:diffTrees Completed in 9ms
43 silly reify moves {}
44 timing reify:retireShallow Completed in 1ms
45 timing reify:createSparse Completed in 3ms
46 timing reify:loadBundles Completed in 0ms
47 silly audit bulk request {
47 silly audit   '@ampproject/remapping': [ '2.3.0' ],
47 silly audit   '@babel/code-frame': [ '7.24.7' ],
47 silly audit   '@babel/compat-data': [ '7.24.7' ],
47 silly audit   '@babel/core': [ '7.24.7' ],
47 silly audit   '@babel/generator': [ '7.24.7' ],
47 silly audit   '@babel/helper-annotate-as-pure': [ '7.24.7' ],
47 silly audit   '@babel/helper-builder-binary-assignment-operator-visitor': [ '7.24.7' ],
47 silly audit   '@babel/helper-compilation-targets': [ '7.24.7' ],
47 silly audit   '@babel/helper-create-class-features-plugin': [ '7.24.7' ],
47 silly audit   '@babel/helper-create-regexp-features-plugin': [ '7.24.7' ],
47 silly audit   '@babel/helper-define-polyfill-provider': [ '0.6.2' ],
47 silly audit   '@babel/helper-environment-visitor': [ '7.24.7' ],
47 silly audit   '@babel/helper-function-name': [ '7.24.7' ],
47 silly audit   '@babel/helper-hoist-variables': [ '7.24.7' ],
47 silly audit   '@babel/helper-member-expression-to-functions': [ '7.24.7' ],
47 silly audit   '@babel/helper-module-imports': [ '7.24.7' ],
47 silly audit   '@babel/helper-module-transforms': [ '7.24.7' ],
47 silly audit   '@babel/helper-optimise-call-expression': [ '7.24.7' ],
47 silly audit   '@babel/helper-plugin-utils': [ '7.24.7' ],
47 silly audit   '@babel/helper-remap-async-to-generator': [ '7.24.7' ],
47 silly audit   '@babel/helper-replace-supers': [ '7.24.7' ],
47 silly audit   '@babel/helper-simple-access': [ '7.24.7' ],
47 silly audit   '@babel/helper-skip-transparent-expression-wrappers': [ '7.24.7' ],
47 silly audit   '@babel/helper-split-export-declaration': [ '7.24.7' ],
47 silly audit   '@babel/helper-string-parser': [ '7.24.7' ],
47 silly audit   '@babel/helper-validator-identifier': [ '7.24.7' ],
47 silly audit   '@babel/helper-validator-option': [ '7.24.7' ],
47 silly audit   '@babel/helper-wrap-function': [ '7.24.7' ],
47 silly audit   '@babel/helpers': [ '7.24.7' ],
47 silly audit   '@babel/highlight': [ '7.24.7' ],
47 silly audit   '@babel/parser': [ '7.24.7' ],
47 silly audit   '@babel/plugin-bugfix-firefox-class-in-computed-class-key': [ '7.24.7' ],
47 silly audit   '@babel/plugin-bugfix-safari-id-destructuring-collision-in-function-expression': [ '7.24.7' ],
47 silly audit   '@babel/plugin-bugfix-v8-spread-parameters-in-optional-chaining': [ '7.24.7' ],
47 silly audit   '@babel/plugin-bugfix-v8-static-class-fields-redefine-readonly': [ '7.24.7' ],
47 silly audit   '@babel/plugin-proposal-private-property-in-object': [ '7.21.0-placeholder-for-preset-env.2' ],
47 silly audit   '@babel/plugin-syntax-async-generators': [ '7.8.4' ],
47 silly audit   '@babel/plugin-syntax-class-properties': [ '7.12.13' ],
47 silly audit   '@babel/plugin-syntax-class-static-block': [ '7.14.5' ],
47 silly audit   '@babel/plugin-syntax-dynamic-import': [ '7.8.3' ],
47 silly audit   '@babel/plugin-syntax-export-namespace-from': [ '7.8.3' ],
47 silly audit   '@babel/plugin-syntax-import-assertions': [ '7.24.7' ],
47 silly audit   '@babel/plugin-syntax-import-attributes': [ '7.24.7' ],
47 silly audit   '@babel/plugin-syntax-import-meta': [ '7.10.4' ],
47 silly audit   '@babel/plugin-syntax-json-strings': [ '7.8.3' ],
47 silly audit   '@babel/plugin-syntax-logical-assignment-operators': [ '7.10.4' ],
47 silly audit   '@babel/plugin-syntax-nullish-coalescing-operator': [ '7.8.3' ],
47 silly audit   '@babel/plugin-syntax-numeric-separator': [ '7.10.4' ],
47 silly audit   '@babel/plugin-syntax-object-rest-spread': [ '7.8.3' ],
47 silly audit   '@babel/plugin-syntax-optional-catch-binding': [ '7.8.3' ],
47 silly audit   '@babel/plugin-syntax-optional-chaining': [ '7.8.3' ],
47 silly audit   '@babel/plugin-syntax-private-property-in-object': [ '7.14.5' ],
47 silly audit   '@babel/plugin-syntax-top-level-await': [ '7.14.5' ],
47 silly audit   '@babel/plugin-syntax-unicode-sets-regex': [ '7.18.6' ],
47 silly audit   '@babel/plugin-transform-arrow-functions': [ '7.24.7' ],
47 silly audit   '@babel/plugin-transform-async-generator-functions': [ '7.24.7' ],
47 silly audit   '@babel/plugin-transform-async-to-generator': [ '7.24.7' ],
47 silly audit   '@babel/plugin-transform-block-scoped-functions': [ '7.24.7' ],
47 silly audit   '@babel/plugin-transform-block-scoping': [ '7.24.7' ],
47 silly audit   '@babel/plugin-transform-class-properties': [ '7.24.7' ],
47 silly audit   '@babel/plugin-transform-class-static-block': [ '7.24.7' ],
47 silly audit   '@babel/plugin-transform-classes': [ '7.24.7' ],
47 silly audit   '@babel/plugin-transform-computed-properties': [ '7.24.7' ],
47 silly audit   '@babel/plugin-transform-destructuring': [ '7.24.7' ],
47 silly audit   '@babel/plugin-transform-dotall-regex': [ '7.24.7' ],
47 silly audit   '@babel/plugin-transform-duplicate-keys': [ '7.24.7' ],
47 silly audit   '@babel/plugin-transform-dynamic-import': [ '7.24.7' ],
47 silly audit   '@babel/plugin-transform-exponentiation-operator': [ '7.24.7' ],
47 silly audit   '@babel/plugin-transform-export-namespace-from': [ '7.24.7' ],
47 silly audit   '@babel/plugin-transform-for-of': [ '7.24.7' ],
47 silly audit   '@babel/plugin-transform-function-name': [ '7.24.7' ],
47 silly audit   '@babel/plugin-transform-json-strings': [ '7.24.7' ],
47 silly audit   '@babel/plugin-transform-literals': [ '7.24.7' ],
47 silly audit   '@babel/plugin-transform-logical-assignment-operators': [ '7.24.7' ],
47 silly audit   '@babel/plugin-transform-member-expression-literals': [ '7.24.7' ],
47 silly audit   '@babel/plugin-transform-modules-amd': [ '7.24.7' ],
47 silly audit   '@babel/plugin-transform-modules-commonjs': [ '7.24.7' ],
47 silly audit   '@babel/plugin-transform-modules-systemjs': [ '7.24.7' ],
47 silly audit   '@babel/plugin-transform-modules-umd': [ '7.24.7' ],
47 silly audit   '@babel/plugin-transform-named-capturing-groups-regex': [ '7.24.7' ],
47 silly audit   '@babel/plugin-transform-new-target': [ '7.24.7' ],
47 silly audit   '@babel/plugin-transform-nullish-coalescing-operator': [ '7.24.7' ],
47 silly audit   '@babel/plugin-transform-numeric-separator': [ '7.24.7' ],
47 silly audit   '@babel/plugin-transform-object-rest-spread': [ '7.24.7' ],
47 silly audit   '@babel/plugin-transform-object-super': [ '7.24.7' ],
47 silly audit   '@babel/plugin-transform-optional-catch-binding': [ '7.24.7' ],
47 silly audit   '@babel/plugin-transform-optional-chaining': [ '7.24.7' ],
47 silly audit   '@babel/plugin-transform-parameters': [ '7.24.7' ],
47 silly audit   '@babel/plugin-transform-private-methods': [ '7.24.7' ],
47 silly audit   '@babel/plugin-transform-private-property-in-object': [ '7.24.7' ],
47 silly audit   '@babel/plugin-transform-property-literals': [ '7.24.7' ],
47 silly audit   '@babel/plugin-transform-regenerator': [ '7.24.7' ],
47 silly audit   '@babel/plugin-transform-reserved-words': [ '7.24.7' ],
47 silly audit   '@babel/plugin-transform-shorthand-properties': [ '7.24.7' ],
47 silly audit   '@babel/plugin-transform-spread': [ '7.24.7' ],
47 silly audit   '@babel/plugin-transform-sticky-regex': [ '7.24.7' ],
47 silly audit   '@babel/plugin-transform-template-literals': [ '7.24.7' ],
47 silly audit   '@babel/plugin-transform-typeof-symbol': [ '7.24.7' ],
47 silly audit   '@babel/plugin-transform-unicode-escapes': [ '7.24.7' ],
47 silly audit   '@babel/plugin-transform-unicode-property-regex': [ '7.24.7' ],
47 silly audit   '@babel/plugin-transform-unicode-regex': [ '7.24.7' ],
47 silly audit   '@babel/plugin-transform-unicode-sets-regex': [ '7.24.7' ],
47 silly audit   '@babel/preset-env': [ '7.24.7' ],
47 silly audit   '@babel/preset-modules': [ '0.1.6-no-external-plugins' ],
47 silly audit   '@babel/regjsgen': [ '0.8.0' ],
47 silly audit   '@babel/runtime': [ '7.24.7' ],
47 silly audit   '@babel/template': [ '7.24.7' ],
47 silly audit   '@babel/traverse': [ '7.24.7' ],
47 silly audit   '@babel/types': [ '7.24.7' ],
47 silly audit   '@jridgewell/gen-mapping': [ '0.3.5' ],
47 silly audit   '@jridgewell/resolve-uri': [ '3.1.2' ],
47 silly audit   '@jridgewell/set-array': [ '1.2.1' ],
47 silly audit   '@jridgewell/sourcemap-codec': [ '1.4.15' ],
47 silly audit   '@jridgewell/trace-mapping': [ '0.3.25' ],
47 silly audit   '@vue/compiler-core': [ '3.4.31' ],
47 silly audit   'estree-walker': [ '2.0.2', '0.6.1' ],
47 silly audit   '@vue/compiler-dom': [ '3.4.31' ],
47 silly audit   '@vue/compiler-sfc': [ '3.4.31' ],
47 silly audit   '@vue/compiler-ssr': [ '3.4.31' ],
47 silly audit   '@vue/reactivity': [ '3.4.31' ],
47 silly audit   '@vue/runtime-core': [ '3.4.31' ],
47 silly audit   '@vue/runtime-dom': [ '3.4.31' ],
47 silly audit   '@vue/server-renderer': [ '3.4.31' ],
47 silly audit   '@vue/shared': [ '3.4.31' ],
47 silly audit   'ansi-styles': [ '3.2.1' ],
47 silly audit   'babel-plugin-polyfill-corejs2': [ '0.4.11' ],
47 silly audit   'babel-plugin-polyfill-corejs3': [ '0.10.4' ],
47 silly audit   'babel-plugin-polyfill-regenerator': [ '0.6.2' ],
47 silly audit   browserslist: [ '4.23.1' ],
47 silly audit   'caniuse-lite': [ '1.0.30001633' ],
47 silly audit   chalk: [ '2.4.2' ],
47 silly audit   'color-convert': [ '1.9.3' ],
47 silly audit   'color-name': [ '1.1.3' ],
47 silly audit   'convert-source-map': [ '2.0.0' ],
47 silly audit   'core-js-compat': [ '3.37.1' ],
47 silly audit   csstype: [ '3.1.3' ],
47 silly audit   debug: [ '4.3.5' ],
47 silly audit   'electron-to-chromium': [ '1.4.801' ],
47 silly audit   entities: [ '4.5.0' ],
47 silly audit   escalade: [ '3.1.2' ],
47 silly audit   'escape-string-regexp': [ '1.0.5' ],
47 silly audit   esutils: [ '2.0.3' ],
47 silly audit   fsevents: [ '2.3.3' ],
47 silly audit   'function-bind': [ '1.1.2' ],
47 silly audit   gensync: [ '1.0.0-beta.2' ],
47 silly audit   globals: [ '11.12.0' ],
47 silly audit   'has-flag': [ '3.0.0' ],
47 silly audit   hasown: [ '2.0.2' ],
47 silly audit   'is-core-module': [ '2.13.1' ],
47 silly audit   'js-tokens': [ '4.0.0' ],
47 silly audit   jsesc: [ '2.5.2', '0.5.0' ],
47 silly audit   json5: [ '2.2.3' ],
47 silly audit   'lodash.debounce': [ '4.0.8' ],
47 silly audit   'lru-cache': [ '5.1.1' ],
47 silly audit   'magic-string': [ '0.30.10' ],
47 silly audit   ms: [ '2.1.2' ],
47 silly audit   nanoid: [ '3.3.7' ],
47 silly audit   'node-releases': [ '2.0.14' ],
47 silly audit   'path-parse': [ '1.0.7' ],
47 silly audit   picocolors: [ '1.0.1' ],
47 silly audit   postcss: [ '8.4.39' ],
47 silly audit   regenerate: [ '1.4.2' ],
47 silly audit   'regenerate-unicode-properties': [ '10.1.1' ],
47 silly audit   'regenerator-runtime': [ '0.14.1' ],
47 silly audit   'regenerator-transform': [ '0.15.2' ],
47 silly audit   'regexpu-core': [ '5.3.2' ],
47 silly audit   regjsparser: [ '0.9.1' ],
47 silly audit   resolve: [ '1.22.8' ],
47 silly audit   rollup: [ '2.79.1' ],
47 silly audit   'rollup-plugin-babel': [ '4.4.0' ],
47 silly audit   'rollup-pluginutils': [ '2.8.2' ],
47 silly audit   semver: [ '6.3.1' ],
47 silly audit   'source-map-js': [ '1.2.0' ],
47 silly audit   'supports-color': [ '5.5.0' ],
47 silly audit   'supports-preserve-symlinks-flag': [ '1.0.0' ],
47 silly audit   'to-fast-properties': [ '2.0.0' ],
47 silly audit   'unicode-canonical-property-names-ecmascript': [ '2.0.0' ],
47 silly audit   'unicode-match-property-ecmascript': [ '2.0.0' ],
47 silly audit   'unicode-match-property-value-ecmascript': [ '2.1.0' ],
47 silly audit   'unicode-property-aliases-ecmascript': [ '2.1.0' ],
47 silly audit   'update-browserslist-db': [ '1.0.16' ],
47 silly audit   vue: [ '3.4.31' ],
47 silly audit   yallist: [ '3.1.1' ]
47 silly audit }
48 verbose reify failed optional dependency F:\learn\vue\珠峰\01-vue\vue2\vue2源码系列\VUE2-3-WATCH_COMPUTED\node_modules\fsevents
49 silly reify mark deleted [
49 silly reify   'F:\\learn\\vue\\珠峰\\01-vue\\vue2\\vue2源码系列\\VUE2-3-WATCH_COMPUTED\\node_modules\\fsevents'
49 silly reify ]
50 timing reifyNode:node_modules/fsevents Completed in 73ms
51 timing reify:unpack Completed in 74ms
52 timing reify:unretire Completed in 0ms
53 timing build:queue Completed in 4ms
54 timing build:deps Completed in 4ms
55 timing build Completed in 5ms
56 timing reify:build Completed in 5ms
57 timing reify:trash Completed in 2ms
58 timing reify:save Completed in 106ms
59 http fetch POST 404 https://registry.npmmirror.com/-/npm/v1/security/advisories/bulk 302ms
60 silly audit bulk request failed [object Object]
61 http fetch POST 404 https://registry.npmmirror.com/-/npm/v1/security/audits/quick 35ms
62 verbose audit error HttpErrorGeneral: 404 Not Found - POST https://registry.npmmirror.com/-/npm/v1/security/audits/quick - [NOT_IMPLEMENTED] /-/npm/v1/security/* not implemented yet
62 verbose audit error     at F:\nvm\nvm\v20.11.1\node_modules\npm\node_modules\npm-registry-fetch\lib\check-response.js:95:15
62 verbose audit error     at process.processTicksAndRejections (node:internal/process/task_queues:95:5)
62 verbose audit error     at async [getReport] (F:\nvm\nvm\v20.11.1\node_modules\npm\node_modules\@npmcli\arborist\lib\audit-report.js:335:21)
62 verbose audit error     at async AuditReport.run (F:\nvm\nvm\v20.11.1\node_modules\npm\node_modules\@npmcli\arborist\lib\audit-report.js:106:19)
62 verbose audit error     at async Arborist.reify (F:\nvm\nvm\v20.11.1\node_modules\npm\node_modules\@npmcli\arborist\lib\arborist\reify.js:179:24)
62 verbose audit error     at async Install.exec (F:\nvm\nvm\v20.11.1\node_modules\npm\lib\commands\install.js:152:5)
62 verbose audit error     at async module.exports (F:\nvm\nvm\v20.11.1\node_modules\npm\lib\cli-entry.js:61:5) {
62 verbose audit error   headers: [Object: null prototype] {
62 verbose audit error     server: [ 'Tengine' ],
62 verbose audit error     date: [ 'Thu, 04 Jul 2024 08:23:45 GMT' ],
62 verbose audit error     'content-type': [ 'application/json' ],
62 verbose audit error     'transfer-encoding': [ 'chunked' ],
62 verbose audit error     connection: [ 'keep-alive' ],
62 verbose audit error     'strict-transport-security': [ 'max-age=5184000' ],
62 verbose audit error     via: [ 'kunlun5.cn814[,404666]' ],
62 verbose audit error     'timing-allow-origin': [ '*' ],
62 verbose audit error     eagleid: [ '2466d41917200814254587148e' ],
62 verbose audit error     'x-fetch-attempts': [ '1' ]
62 verbose audit error   },
62 verbose audit error   statusCode: 404,
62 verbose audit error   code: 'E404',
62 verbose audit error   method: 'POST',
62 verbose audit error   uri: 'https://registry.npmmirror.com/-/npm/v1/security/audits/quick',
62 verbose audit error   body: {
62 verbose audit error     error: '[NOT_IMPLEMENTED] /-/npm/v1/security/* not implemented yet'
62 verbose audit error   },
62 verbose audit error   pkgid: undefined
62 verbose audit error }
63 silly audit error [object Object]
64 timing auditReport:getReport Completed in 405ms
65 silly audit report null
66 timing reify:audit Completed in 406ms
67 timing reify Completed in 636ms
68 silly ADD
69 timing command:i Completed in 648ms
70 verbose exit 0
71 timing npm Completed in 1075ms
72 info ok
