0 verbose cli F:\nvm\node\node.exe F:\nvm\node\node_modules\npm\bin\npm-cli.js
1 info using npm@8.19.2
2 info using node@v16.18.0
3 timing npm:load:whichnode Completed in 1ms
4 timing config:load:defaults Completed in 4ms
5 timing config:load:file:F:\nvm\nvm\v16.18.0\node_modules\npm\npmrc Completed in 3ms
6 timing config:load:builtin Completed in 3ms
7 timing config:load:cli Completed in 3ms
8 timing config:load:env Completed in 2ms
9 timing config:load:file:F:\learn\vue\珠峰\01-vue\vue2\jiagouke-vue2021\static-server\.npmrc Completed in 0ms
10 timing config:load:project Completed in 5ms
11 timing config:load:file:C:\Users\zgy\.npmrc Completed in 3ms
12 timing config:load:user Completed in 5ms
13 timing config:load:file:F:\learn\vue\珠峰\01-vue\vue2\jiagouke-vue2021\static-server\nvm\node_globel\etc\npmrc Completed in 0ms
14 timing config:load:global Completed in 0ms
15 timing config:load:validate Completed in 4ms
16 timing config:load:credentials Completed in 2ms
17 timing config:load:setEnvs Completed in 3ms
18 timing config:load Completed in 32ms
19 timing npm:load:configload Completed in 33ms
20 timing npm:load:mkdirpcache Completed in 2ms
21 timing npm:load:mkdirplogs Completed in 1ms
22 verbose title npm i
23 verbose argv "i"
24 timing npm:load:setTitle Completed in 2ms
25 timing config:load:flatten Completed in 8ms
26 timing npm:load:display Completed in 14ms
27 verbose logfile logs-max:10 dir:F:\learn\vue\珠峰\01-vue\vue2\jiagouke-vue2021\static-server\nvm\node_globel\_logs
28 verbose logfile F:\learn\vue\珠峰\01-vue\vue2\jiagouke-vue2021\static-server\nvm\node_globel\_logs\2024-07-24T12_16_34_110Z-debug-0.log
29 timing npm:load:logFile Completed in 15ms
30 timing npm:load:timers Completed in 0ms
31 timing npm:load:configScope Completed in 0ms
32 timing npm:load Completed in 69ms
33 timing arborist:ctor Completed in 2ms
34 silly logfile done cleaning log files
35 timing idealTree:init Completed in 171ms
36 warn old lockfile
36 warn old lockfile The package-lock.json file was created with an old version of npm,
36 warn old lockfile so supplemental metadata must be fetched from the registry.
36 warn old lockfile
36 warn old lockfile This is a one-time fix-up, please be patient...
36 warn old lockfile
37 silly inflate node_modules/accepts
38 silly inflate node_modules/array-flatten
39 silly inflate node_modules/body-parser
40 silly inflate node_modules/bytes
41 silly inflate node_modules/content-disposition
42 silly inflate node_modules/content-type
43 silly inflate node_modules/cookie
44 silly inflate node_modules/cookie-signature
45 http fetch GET 200 https://registry.npmmirror.com/content-disposition 410ms (cache miss)
46 silly inflate node_modules/cors
47 http fetch GET 200 https://registry.npmmirror.com/content-type 420ms (cache miss)
48 silly inflate node_modules/debug
49 http fetch GET 200 https://registry.npmmirror.com/cookie-signature 422ms (cache miss)
50 silly inflate node_modules/depd
51 http fetch GET 200 https://registry.npmmirror.com/bytes 438ms (cache miss)
52 silly inflate node_modules/destroy
53 http fetch GET 200 https://registry.npmmirror.com/accepts 472ms (cache miss)
54 silly inflate node_modules/ee-first
55 http fetch GET 200 https://registry.npmmirror.com/array-flatten 464ms (cache miss)
56 silly inflate node_modules/encodeurl
57 http fetch GET 200 https://registry.npmmirror.com/cookie 467ms (cache miss)
58 silly inflate node_modules/escape-html
59 http fetch GET 200 https://registry.npmmirror.com/body-parser 507ms (cache miss)
60 silly inflate node_modules/etag
61 http fetch GET 200 https://registry.npmmirror.com/cors 156ms (cache miss)
62 silly inflate node_modules/express
63 http fetch GET 200 https://registry.npmmirror.com/depd 157ms (cache miss)
64 silly inflate node_modules/finalhandler
65 http fetch GET 200 https://registry.npmmirror.com/escape-html 124ms (cache miss)
66 silly inflate node_modules/forwarded
67 http fetch GET 200 https://registry.npmmirror.com/encodeurl 145ms (cache miss)
68 silly inflate node_modules/fresh
69 http fetch GET 200 https://registry.npmmirror.com/debug 183ms (cache miss)
70 silly inflate node_modules/http-errors
71 http fetch GET 200 https://registry.npmmirror.com/destroy 192ms (cache miss)
72 silly inflate node_modules/iconv-lite
73 http fetch GET 200 https://registry.npmmirror.com/ee-first 196ms (cache miss)
74 silly inflate node_modules/inherits
75 http fetch GET 200 https://registry.npmmirror.com/etag 182ms (cache miss)
76 silly inflate node_modules/ipaddr.js
77 http fetch GET 200 https://registry.npmmirror.com/forwarded 131ms (cache miss)
78 silly inflate node_modules/media-typer
79 http fetch GET 200 https://registry.npmmirror.com/fresh 148ms (cache miss)
80 silly inflate node_modules/merge-descriptors
81 http fetch GET 200 https://registry.npmmirror.com/inherits 112ms (cache miss)
82 silly inflate node_modules/methods
83 http fetch GET 200 https://registry.npmmirror.com/http-errors 156ms (cache miss)
84 silly inflate node_modules/mime
85 http fetch GET 200 https://registry.npmmirror.com/finalhandler 193ms (cache miss)
86 silly inflate node_modules/mime-db
87 http fetch GET 200 https://registry.npmmirror.com/iconv-lite 175ms (cache miss)
88 silly inflate node_modules/mime-types
89 http fetch GET 200 https://registry.npmmirror.com/express 326ms (cache miss)
90 silly inflate node_modules/ms
91 http fetch GET 200 https://registry.npmmirror.com/ipaddr.js 269ms (cache miss)
92 silly inflate node_modules/negotiator
93 http fetch GET 200 https://registry.npmmirror.com/merge-descriptors 218ms (cache miss)
94 silly inflate node_modules/object-assign
95 http fetch GET 200 https://registry.npmmirror.com/methods 233ms (cache miss)
96 silly inflate node_modules/on-finished
97 http fetch GET 200 https://registry.npmmirror.com/media-typer 270ms (cache miss)
98 silly inflate node_modules/parseurl
99 http fetch GET 200 https://registry.npmmirror.com/mime 260ms (cache miss)
100 silly inflate node_modules/path-to-regexp
101 http fetch GET 200 https://registry.npmmirror.com/mime-types 234ms (cache miss)
102 silly inflate node_modules/proxy-addr
103 http fetch GET 200 https://registry.npmmirror.com/mime-db 288ms (cache miss)
104 silly inflate node_modules/qs
105 http fetch GET 200 https://registry.npmmirror.com/ms 206ms (cache miss)
106 silly inflate node_modules/range-parser
107 http fetch GET 200 https://registry.npmmirror.com/object-assign 186ms (cache miss)
108 silly inflate node_modules/raw-body
109 http fetch GET 200 https://registry.npmmirror.com/negotiator 200ms (cache miss)
110 silly inflate node_modules/safe-buffer
111 http fetch GET 200 https://registry.npmmirror.com/on-finished 188ms (cache miss)
112 silly inflate node_modules/safer-buffer
113 http fetch GET 200 https://registry.npmmirror.com/proxy-addr 140ms (cache miss)
114 silly inflate node_modules/send
115 http fetch GET 200 https://registry.npmmirror.com/parseurl 206ms (cache miss)
116 silly inflate node_modules/send/node_modules/ms
117 silly inflate node_modules/serve-static
118 http fetch GET 200 https://registry.npmmirror.com/path-to-regexp 195ms (cache miss)
119 silly inflate node_modules/setprototypeof
120 http fetch GET 200 https://registry.npmmirror.com/qs 182ms (cache miss)
121 silly inflate node_modules/statuses
122 http fetch GET 200 https://registry.npmmirror.com/range-parser 137ms (cache miss)
123 silly inflate node_modules/toidentifier
124 http fetch GET 200 https://registry.npmmirror.com/safe-buffer 165ms (cache miss)
125 silly inflate node_modules/type-is
126 http fetch GET 200 https://registry.npmmirror.com/safer-buffer 165ms (cache miss)
127 silly inflate node_modules/unpipe
128 http fetch GET 200 https://registry.npmmirror.com/raw-body 199ms (cache miss)
129 silly inflate node_modules/utils-merge
130 http fetch GET 200 https://registry.npmmirror.com/send 191ms (cache miss)
131 silly inflate node_modules/vary
132 http fetch GET 200 https://registry.npmmirror.com/setprototypeof 288ms (cache miss)
133 http fetch GET 200 https://registry.npmmirror.com/statuses 287ms (cache miss)
134 http fetch GET 200 https://registry.npmmirror.com/serve-static 355ms (cache miss)
135 http fetch GET 200 https://registry.npmmirror.com/toidentifier 301ms (cache miss)
136 http fetch GET 200 https://registry.npmmirror.com/vary 221ms (cache miss)
137 http fetch GET 200 https://registry.npmmirror.com/type-is 273ms (cache miss)
138 http fetch GET 200 https://registry.npmmirror.com/utils-merge 255ms (cache miss)
139 http fetch GET 200 https://registry.npmmirror.com/unpipe 271ms (cache miss)
140 timing idealTree:inflate Completed in 1688ms
141 timing idealTree:userRequests Completed in 1ms
142 silly idealTree buildDeps
143 timing idealTree:#root Completed in 0ms
144 timing idealTree:buildDeps Completed in 4ms
145 timing idealTree:fixDepFlags Completed in 1ms
146 timing idealTree Completed in 1873ms
147 timing reify:loadTrees Completed in 1874ms
148 timing reify:diffTrees Completed in 8ms
149 silly reify moves {}
150 timing reify:retireShallow Completed in 4ms
151 timing reify:createSparse Completed in 52ms
152 timing reify:loadBundles Completed in 0ms
153 silly audit bulk request {
153 silly audit   accepts: [ '1.3.7' ],
153 silly audit   'array-flatten': [ '1.1.1' ],
153 silly audit   'body-parser': [ '1.19.0' ],
153 silly audit   bytes: [ '3.1.0' ],
153 silly audit   'content-disposition': [ '0.5.3' ],
153 silly audit   'content-type': [ '1.0.4' ],
153 silly audit   cookie: [ '0.4.0' ],
153 silly audit   'cookie-signature': [ '1.0.6' ],
153 silly audit   cors: [ '2.8.5' ],
153 silly audit   debug: [ '2.6.9' ],
153 silly audit   depd: [ '1.1.2' ],
153 silly audit   destroy: [ '1.0.4' ],
153 silly audit   'ee-first': [ '1.1.1' ],
153 silly audit   encodeurl: [ '1.0.2' ],
153 silly audit   'escape-html': [ '1.0.3' ],
153 silly audit   etag: [ '1.8.1' ],
153 silly audit   express: [ '4.17.1' ],
153 silly audit   finalhandler: [ '1.1.2' ],
153 silly audit   forwarded: [ '0.1.2' ],
153 silly audit   fresh: [ '0.5.2' ],
153 silly audit   'http-errors': [ '1.7.2' ],
153 silly audit   'iconv-lite': [ '0.4.24' ],
153 silly audit   inherits: [ '2.0.3' ],
153 silly audit   'ipaddr.js': [ '1.9.1' ],
153 silly audit   'media-typer': [ '0.3.0' ],
153 silly audit   'merge-descriptors': [ '1.0.1' ],
153 silly audit   methods: [ '1.1.2' ],
153 silly audit   mime: [ '1.6.0' ],
153 silly audit   'mime-db': [ '1.45.0' ],
153 silly audit   'mime-types': [ '2.1.28' ],
153 silly audit   ms: [ '2.0.0', '2.1.1' ],
153 silly audit   negotiator: [ '0.6.2' ],
153 silly audit   'object-assign': [ '4.1.1' ],
153 silly audit   'on-finished': [ '2.3.0' ],
153 silly audit   parseurl: [ '1.3.3' ],
153 silly audit   'path-to-regexp': [ '0.1.7' ],
153 silly audit   'proxy-addr': [ '2.0.6' ],
153 silly audit   qs: [ '6.7.0' ],
153 silly audit   'range-parser': [ '1.2.1' ],
153 silly audit   'raw-body': [ '2.4.0' ],
153 silly audit   'safe-buffer': [ '5.1.2' ],
153 silly audit   'safer-buffer': [ '2.1.2' ],
153 silly audit   send: [ '0.17.1' ],
153 silly audit   'serve-static': [ '1.14.1' ],
153 silly audit   setprototypeof: [ '1.1.1' ],
153 silly audit   statuses: [ '1.5.0' ],
153 silly audit   toidentifier: [ '1.0.0' ],
153 silly audit   'type-is': [ '1.6.18' ],
153 silly audit   unpipe: [ '1.0.0' ],
153 silly audit   'utils-merge': [ '1.0.1' ],
153 silly audit   vary: [ '1.1.2' ]
153 silly audit }
154 http fetch POST 404 https://registry.npmmirror.com/-/npm/v1/security/advisories/bulk 90ms
155 silly audit bulk request failed [object Object]
156 silly tarball no local data for vary@https://registry.npm.taobao.org/vary/download/vary-1.1.2.tgz. Extracting by manifest.
157 silly tarball no local data for utils-merge@https://registry.npm.taobao.org/utils-merge/download/utils-merge-1.0.1.tgz. Extracting by manifest.
158 silly tarball no local data for unpipe@https://registry.npm.taobao.org/unpipe/download/unpipe-1.0.0.tgz. Extracting by manifest.
159 silly tarball no local data for toidentifier@https://registry.npm.taobao.org/toidentifier/download/toidentifier-1.0.0.tgz. Extracting by manifest.
160 silly tarball no local data for type-is@https://registry.npm.taobao.org/type-is/download/type-is-1.6.18.tgz. Extracting by manifest.
161 silly tarball no local data for setprototypeof@https://registry.npm.taobao.org/setprototypeof/download/setprototypeof-1.1.1.tgz. Extracting by manifest.
162 silly tarball no local data for statuses@https://registry.npm.taobao.org/statuses/download/statuses-1.5.0.tgz?cache=0&sync_timestamp=1609654066899&other_urls=https%3A%2F%2Fregistry.npm.taobao.org%2Fstatuses%2Fdownload%2Fstatuses-1.5.0.tgz. Extracting by manifest.
163 silly tarball no local data for serve-static@https://registry.npm.taobao.org/serve-static/download/serve-static-1.14.1.tgz. Extracting by manifest.
164 silly tarball no local data for safer-buffer@https://registry.npm.taobao.org/safer-buffer/download/safer-buffer-2.1.2.tgz. Extracting by manifest.
165 silly tarball no local data for safe-buffer@https://registry.npm.taobao.org/safe-buffer/download/safe-buffer-5.1.2.tgz. Extracting by manifest.
166 silly tarball no local data for raw-body@https://registry.npm.taobao.org/raw-body/download/raw-body-2.4.0.tgz. Extracting by manifest.
167 silly tarball no local data for send@https://registry.npm.taobao.org/send/download/send-0.17.1.tgz. Extracting by manifest.
168 silly tarball no local data for qs@https://registry.npm.taobao.org/qs/download/qs-6.7.0.tgz. Extracting by manifest.
169 silly tarball no local data for range-parser@https://registry.npm.taobao.org/range-parser/download/range-parser-1.2.1.tgz. Extracting by manifest.
170 silly tarball no local data for path-to-regexp@https://registry.npm.taobao.org/path-to-regexp/download/path-to-regexp-0.1.7.tgz?cache=0&sync_timestamp=1601401033318&other_urls=https%3A%2F%2Fregistry.npm.taobao.org%2Fpath-to-regexp%2Fdownload%2Fpath-to-regexp-0.1.7.tgz. Extracting by manifest.
171 silly tarball no local data for proxy-addr@https://registry.npm.taobao.org/proxy-addr/download/proxy-addr-2.0.6.tgz. Extracting by manifest.
172 silly tarball no local data for parseurl@https://registry.npm.taobao.org/parseurl/download/parseurl-1.3.3.tgz. Extracting by manifest.
173 silly tarball no local data for object-assign@https://registry.npm.taobao.org/object-assign/download/object-assign-4.1.1.tgz. Extracting by manifest.
174 silly tarball no local data for ms@https://registry.npm.taobao.org/ms/download/ms-2.0.0.tgz?cache=0&sync_timestamp=1607433856030&other_urls=https%3A%2F%2Fregistry.npm.taobao.org%2Fms%2Fdownload%2Fms-2.0.0.tgz. Extracting by manifest.
175 silly tarball no local data for on-finished@https://registry.npm.taobao.org/on-finished/download/on-finished-2.3.0.tgz. Extracting by manifest.
176 silly tarball no local data for negotiator@https://registry.npm.taobao.org/negotiator/download/negotiator-0.6.2.tgz. Extracting by manifest.
177 silly tarball no local data for mime-types@https://registry.npm.taobao.org/mime-types/download/mime-types-2.1.28.tgz?cache=0&sync_timestamp=1609559936613&other_urls=https%3A%2F%2Fregistry.npm.taobao.org%2Fmime-types%2Fdownload%2Fmime-types-2.1.28.tgz. Extracting by manifest.
178 silly tarball no local data for mime-db@https://registry.npm.taobao.org/mime-db/download/mime-db-1.45.0.tgz?cache=0&sync_timestamp=1600831212519&other_urls=https%3A%2F%2Fregistry.npm.taobao.org%2Fmime-db%2Fdownload%2Fmime-db-1.45.0.tgz. Extracting by manifest.
179 silly tarball no local data for mime@https://registry.npm.taobao.org/mime/download/mime-1.6.0.tgz. Extracting by manifest.
180 silly tarball no local data for methods@https://registry.npm.taobao.org/methods/download/methods-1.1.2.tgz. Extracting by manifest.
181 silly tarball no local data for merge-descriptors@https://registry.npm.taobao.org/merge-descriptors/download/merge-descriptors-1.0.1.tgz. Extracting by manifest.
182 silly tarball no local data for media-typer@https://registry.npm.taobao.org/media-typer/download/media-typer-0.3.0.tgz. Extracting by manifest.
183 silly tarball no local data for ipaddr.js@https://registry.npm.taobao.org/ipaddr.js/download/ipaddr.js-1.9.1.tgz. Extracting by manifest.
184 silly tarball no local data for iconv-lite@https://registry.npm.taobao.org/iconv-lite/download/iconv-lite-0.4.24.tgz?cache=0&sync_timestamp=1594184325364&other_urls=https%3A%2F%2Fregistry.npm.taobao.org%2Ficonv-lite%2Fdownload%2Ficonv-lite-0.4.24.tgz. Extracting by manifest.
185 silly tarball no local data for inherits@https://registry.npm.taobao.org/inherits/download/inherits-2.0.3.tgz. Extracting by manifest.
186 silly tarball no local data for http-errors@https://registry.npm.taobao.org/http-errors/download/http-errors-1.7.2.tgz?cache=0&other_urls=https%3A%2F%2Fregistry.npm.taobao.org%2Fhttp-errors%2Fdownload%2Fhttp-errors-1.7.2.tgz. Extracting by manifest.
187 silly tarball no local data for fresh@https://registry.npm.taobao.org/fresh/download/fresh-0.5.2.tgz. Extracting by manifest.
188 silly tarball no local data for forwarded@https://registry.npm.taobao.org/forwarded/download/forwarded-0.1.2.tgz. Extracting by manifest.
189 silly tarball no local data for finalhandler@https://registry.npm.taobao.org/finalhandler/download/finalhandler-1.1.2.tgz. Extracting by manifest.
190 silly tarball no local data for express@https://registry.npm.taobao.org/express/download/express-4.17.1.tgz?cache=0&sync_timestamp=1585189541025&other_urls=https%3A%2F%2Fregistry.npm.taobao.org%2Fexpress%2Fdownload%2Fexpress-4.17.1.tgz. Extracting by manifest.
191 silly tarball no local data for etag@https://registry.npm.taobao.org/etag/download/etag-1.8.1.tgz. Extracting by manifest.
192 silly tarball no local data for escape-html@https://registry.npm.taobao.org/escape-html/download/escape-html-1.0.3.tgz. Extracting by manifest.
193 silly tarball no local data for encodeurl@https://registry.npm.taobao.org/encodeurl/download/encodeurl-1.0.2.tgz. Extracting by manifest.
194 silly tarball no local data for destroy@https://registry.npm.taobao.org/destroy/download/destroy-1.0.4.tgz. Extracting by manifest.
195 silly tarball no local data for ee-first@https://registry.npm.taobao.org/ee-first/download/ee-first-1.1.1.tgz. Extracting by manifest.
196 silly tarball no local data for depd@https://registry.npm.taobao.org/depd/download/depd-1.1.2.tgz. Extracting by manifest.
197 silly tarball no local data for debug@https://registry.npm.taobao.org/debug/download/debug-2.6.9.tgz?cache=0&sync_timestamp=1607566551397&other_urls=https%3A%2F%2Fregistry.npm.taobao.org%2Fdebug%2Fdownload%2Fdebug-2.6.9.tgz. Extracting by manifest.
198 silly tarball no local data for cors@https://registry.npm.taobao.org/cors/download/cors-2.8.5.tgz. Extracting by manifest.
199 silly tarball no local data for cookie-signature@https://registry.npm.taobao.org/cookie-signature/download/cookie-signature-1.0.6.tgz. Extracting by manifest.
200 silly tarball no local data for cookie@https://registry.npm.taobao.org/cookie/download/cookie-0.4.0.tgz. Extracting by manifest.
201 silly tarball no local data for content-type@https://registry.npm.taobao.org/content-type/download/content-type-1.0.4.tgz. Extracting by manifest.
202 silly tarball no local data for content-disposition@https://registry.npm.taobao.org/content-disposition/download/content-disposition-0.5.3.tgz. Extracting by manifest.
203 silly tarball no local data for bytes@https://registry.npm.taobao.org/bytes/download/bytes-3.1.0.tgz. Extracting by manifest.
204 silly tarball no local data for body-parser@https://registry.npm.taobao.org/body-parser/download/body-parser-1.19.0.tgz. Extracting by manifest.
205 silly tarball no local data for array-flatten@https://registry.npm.taobao.org/array-flatten/download/array-flatten-1.1.1.tgz. Extracting by manifest.
206 silly tarball no local data for accepts@https://registry.npm.taobao.org/accepts/download/accepts-1.3.7.tgz. Extracting by manifest.
207 silly tarball no local data for ms@https://registry.npm.taobao.org/ms/download/ms-2.1.1.tgz?cache=0&sync_timestamp=1607433856030&other_urls=https%3A%2F%2Fregistry.npm.taobao.org%2Fms%2Fdownload%2Fms-2.1.1.tgz. Extracting by manifest.
208 http fetch POST 404 https://registry.npmmirror.com/-/npm/v1/security/audits/quick 270ms
209 verbose audit error HttpErrorGeneral: 404 Not Found - POST https://registry.npmmirror.com/-/npm/v1/security/audits/quick - [NOT_IMPLEMENTED] /-/npm/v1/security/* not implemented yet
209 verbose audit error     at F:\nvm\nvm\v16.18.0\node_modules\npm\node_modules\npm-registry-fetch\lib\check-response.js:95:15
209 verbose audit error     at processTicksAndRejections (node:internal/process/task_queues:96:5)
209 verbose audit error     at async Map.[getReport] (F:\nvm\nvm\v16.18.0\node_modules\npm\node_modules\@npmcli\arborist\lib\audit-report.js:335:21)
209 verbose audit error     at async Map.run (F:\nvm\nvm\v16.18.0\node_modules\npm\node_modules\@npmcli\arborist\lib\audit-report.js:106:19) {
209 verbose audit error   headers: [Object: null prototype] {
209 verbose audit error     server: [ 'Tengine' ],
209 verbose audit error     date: [ 'Wed, 24 Jul 2024 12:16:36 GMT' ],
209 verbose audit error     'content-type': [ 'application/json' ],
209 verbose audit error     'transfer-encoding': [ 'chunked' ],
209 verbose audit error     connection: [ 'keep-alive' ],
209 verbose audit error     'strict-transport-security': [ 'max-age=5184000' ],
209 verbose audit error     via: [ 'kunlun10.cn4770[,404666]' ],
209 verbose audit error     'timing-allow-origin': [ '*' ],
209 verbose audit error     eagleid: [ 'b4d5fb9e17218233966536468e' ],
209 verbose audit error     'x-fetch-attempts': [ '1' ]
209 verbose audit error   },
209 verbose audit error   statusCode: 404,
209 verbose audit error   code: 'E404',
209 verbose audit error   method: 'POST',
209 verbose audit error   uri: 'https://registry.npmmirror.com/-/npm/v1/security/audits/quick',
209 verbose audit error   body: {
209 verbose audit error     error: '[NOT_IMPLEMENTED] /-/npm/v1/security/* not implemented yet'
209 verbose audit error   },
209 verbose audit error   pkgid: undefined
209 verbose audit error }
210 silly audit error [object Object]
211 timing auditReport:getReport Completed in 421ms
212 silly audit report null
213 timing reify:audit Completed in 422ms
214 http fetch GET 200 https://cdn.npmmirror.com/packages/mime-types/2.1.28/mime-types-2.1.28.tgz 1951ms (cache miss)
215 http fetch GET 200 https://cdn.npmmirror.com/packages/forwarded/0.1.2/forwarded-0.1.2.tgz 1912ms (cache miss)
216 http fetch GET 200 https://cdn.npmmirror.com/packages/proxy-addr/2.0.6/proxy-addr-2.0.6.tgz 1981ms (cache miss)
217 http fetch GET 200 https://cdn.npmmirror.com/packages/bytes/3.1.0/bytes-3.1.0.tgz 1869ms (cache miss)
218 timing reifyNode:node_modules/mime-types Completed in 2208ms
219 timing reifyNode:node_modules/forwarded Completed in 2211ms
220 http fetch GET 200 https://cdn.npmmirror.com/packages/object-assign/4.1.1/object-assign-4.1.1.tgz 2000ms (cache miss)
221 timing reifyNode:node_modules/object-assign Completed in 2216ms
222 http fetch GET 200 https://cdn.npmmirror.com/packages/safe-buffer/5.1.2/safe-buffer-5.1.2.tgz 2035ms (cache miss)
223 http fetch GET 200 https://cdn.npmmirror.com/packages/serve-static/1.14.1/serve-static-1.14.1.tgz 2046ms (cache miss)
224 timing reifyNode:node_modules/bytes Completed in 2217ms
225 http fetch GET 200 https://cdn.npmmirror.com/packages/http-errors/1.7.2/http-errors-1.7.2.tgz 1962ms (cache miss)
226 http fetch GET 200 https://cdn.npmmirror.com/packages/media-typer/0.3.0/media-typer-0.3.0.tgz 1977ms (cache miss)
227 timing reifyNode:node_modules/media-typer Completed in 2226ms
228 timing reifyNode:node_modules/proxy-addr Completed in 2235ms
229 http fetch GET 200 https://cdn.npmmirror.com/packages/path-to-regexp/0.1.7/path-to-regexp-0.1.7.tgz 2037ms (cache miss)
230 timing reifyNode:node_modules/path-to-regexp Completed in 2243ms
231 http fetch GET 200 https://cdn.npmmirror.com/packages/type-is/1.6.18/type-is-1.6.18.tgz 2078ms (cache miss)
232 timing reifyNode:node_modules/type-is Completed in 2250ms
233 http fetch GET 200 https://cdn.npmmirror.com/packages/unpipe/1.0.0/unpipe-1.0.0.tgz 2086ms (cache miss)
234 timing reifyNode:node_modules/unpipe Completed in 2255ms
235 http fetch GET 200 https://cdn.npmmirror.com/packages/utils-merge/1.0.1/utils-merge-1.0.1.tgz 2095ms (cache miss)
236 timing reifyNode:node_modules/utils-merge Completed in 2260ms
237 http fetch GET 200 https://cdn.npmmirror.com/packages/toidentifier/1.0.0/toidentifier-1.0.0.tgz 2092ms (cache miss)
238 timing reifyNode:node_modules/toidentifier Completed in 2260ms
239 timing reifyNode:node_modules/safe-buffer Completed in 2260ms
240 timing reifyNode:node_modules/serve-static Completed in 2265ms
241 http fetch GET 200 https://cdn.npmmirror.com/packages/etag/1.8.1/etag-1.8.1.tgz 1980ms (cache miss)
242 http fetch GET 200 https://cdn.npmmirror.com/packages/raw-body/2.4.0/raw-body-2.4.0.tgz 2078ms (cache miss)
243 http fetch GET 200 https://cdn.npmmirror.com/packages/ms/2.1.1/ms-2.1.1.tgz 1925ms (cache miss)
244 timing reifyNode:node_modules/send/node_modules/ms Completed in 2271ms
245 http fetch GET 200 https://cdn.npmmirror.com/packages/send/0.17.1/send-0.17.1.tgz 2078ms (cache miss)
246 timing reifyNode:node_modules/send Completed in 2272ms
247 http fetch GET 200 https://cdn.npmmirror.com/packages/ms/2.0.0/ms-2.0.0.tgz 2052ms (cache miss)
248 timing reifyNode:node_modules/ms Completed in 2271ms
249 http fetch GET 200 https://cdn.npmmirror.com/packages/on-finished/2.3.0/on-finished-2.3.0.tgz 2052ms (cache miss)
250 timing reifyNode:node_modules/on-finished Completed in 2274ms
251 http fetch GET 200 https://cdn.npmmirror.com/packages/ipaddr.js/1.9.1/ipaddr.js-1.9.1.tgz 2022ms (cache miss)
252 http fetch GET 200 https://cdn.npmmirror.com/packages/merge-descriptors/1.0.1/merge-descriptors-1.0.1.tgz 2029ms (cache miss)
253 timing reifyNode:node_modules/merge-descriptors Completed in 2275ms
254 http fetch GET 200 https://cdn.npmmirror.com/packages/methods/1.1.2/methods-1.1.2.tgz 2033ms (cache miss)
255 timing reifyNode:node_modules/methods Completed in 2276ms
256 http fetch GET 200 https://cdn.npmmirror.com/packages/vary/1.1.2/vary-1.1.2.tgz 2125ms (cache miss)
257 timing reifyNode:node_modules/vary Completed in 2286ms
258 http fetch GET 200 https://cdn.npmmirror.com/packages/inherits/2.0.3/inherits-2.0.3.tgz 2022ms (cache miss)
259 timing reifyNode:node_modules/inherits Completed in 2279ms
260 http fetch GET 200 https://cdn.npmmirror.com/packages/finalhandler/1.1.2/finalhandler-1.1.2.tgz 2004ms (cache miss)
261 timing reifyNode:node_modules/finalhandler Completed in 2280ms
262 timing reifyNode:node_modules/http-errors Completed in 2282ms
263 http fetch GET 200 https://cdn.npmmirror.com/packages/content-type/1.0.4/content-type-1.0.4.tgz 1970ms (cache miss)
264 timing reifyNode:node_modules/content-type Completed in 2280ms
265 timing reifyNode:node_modules/etag Completed in 2283ms
266 http fetch GET 200 https://cdn.npmmirror.com/packages/range-parser/1.2.1/range-parser-1.2.1.tgz 2089ms (cache miss)
267 timing reifyNode:node_modules/range-parser Completed in 2289ms
268 http fetch GET 200 https://cdn.npmmirror.com/packages/accepts/1.3.7/accepts-1.3.7.tgz 1949ms (cache miss)
269 timing reifyNode:node_modules/accepts Completed in 2283ms
270 http fetch GET 200 https://cdn.npmmirror.com/packages/statuses/1.5.0/statuses-1.5.0.tgz 2118ms (cache miss)
271 http fetch GET 200 https://cdn.npmmirror.com/packages/escape-html/1.0.3/escape-html-1.0.3.tgz 2005ms (cache miss)
272 timing reifyNode:node_modules/escape-html Completed in 2290ms
273 http fetch GET 200 https://cdn.npmmirror.com/packages/encodeurl/1.0.2/encodeurl-1.0.2.tgz 2004ms (cache miss)
274 timing reifyNode:node_modules/encodeurl Completed in 2292ms
275 http fetch GET 200 https://cdn.npmmirror.com/packages/ee-first/1.1.1/ee-first-1.1.1.tgz 2000ms (cache miss)
276 timing reifyNode:node_modules/ee-first Completed in 2294ms
277 http fetch GET 200 https://cdn.npmmirror.com/packages/setprototypeof/1.1.1/setprototypeof-1.1.1.tgz 2128ms (cache miss)
278 http fetch GET 200 https://cdn.npmmirror.com/packages/cookie-signature/1.0.6/cookie-signature-1.0.6.tgz 1990ms (cache miss)
279 timing reifyNode:node_modules/cookie-signature Completed in 2295ms
280 http fetch GET 200 https://cdn.npmmirror.com/packages/cookie/0.4.0/cookie-0.4.0.tgz 1988ms (cache miss)
281 timing reifyNode:node_modules/cookie Completed in 2296ms
282 http fetch GET 200 https://cdn.npmmirror.com/packages/depd/1.1.2/depd-1.1.2.tgz 2002ms (cache miss)
283 http fetch GET 200 https://cdn.npmmirror.com/packages/fresh/0.5.2/fresh-0.5.2.tgz 2036ms (cache miss)
284 timing reifyNode:node_modules/fresh Completed in 2300ms
285 http fetch GET 200 https://cdn.npmmirror.com/packages/content-disposition/0.5.3/content-disposition-0.5.3.tgz 1985ms (cache miss)
286 http fetch GET 200 https://cdn.npmmirror.com/packages/parseurl/1.3.3/parseurl-1.3.3.tgz 2091ms (cache miss)
287 timing reifyNode:node_modules/parseurl Completed in 2305ms
288 timing reifyNode:node_modules/content-disposition Completed in 2301ms
289 http fetch GET 200 https://cdn.npmmirror.com/packages/destroy/1.0.4/destroy-1.0.4.tgz 2016ms (cache miss)
290 timing reifyNode:node_modules/destroy Completed in 2306ms
291 timing reifyNode:node_modules/raw-body Completed in 2313ms
292 timing reifyNode:node_modules/ipaddr.js Completed in 2311ms
293 http fetch GET 200 https://cdn.npmmirror.com/packages/cors/2.8.5/cors-2.8.5.tgz 2009ms (cache miss)
294 timing reifyNode:node_modules/statuses Completed in 2319ms
295 timing reifyNode:node_modules/setprototypeof Completed in 2319ms
296 http fetch GET 200 https://cdn.npmmirror.com/packages/safer-buffer/2.1.2/safer-buffer-2.1.2.tgz 2137ms (cache miss)
297 timing reifyNode:node_modules/cors Completed in 2316ms
298 timing reifyNode:node_modules/safer-buffer Completed in 2325ms
299 http fetch GET 200 https://cdn.npmmirror.com/packages/mime-db/1.45.0/mime-db-1.45.0.tgz 2107ms (cache miss)
300 timing reifyNode:node_modules/mime-db Completed in 2349ms
301 http fetch GET 200 https://cdn.npmmirror.com/packages/negotiator/0.6.2/negotiator-0.6.2.tgz 2126ms (cache miss)
302 timing reifyNode:node_modules/negotiator Completed in 2362ms
303 timing reifyNode:node_modules/depd Completed in 2363ms
304 http fetch GET 200 https://cdn.npmmirror.com/packages/mime/1.6.0/mime-1.6.0.tgz 2128ms (cache miss)
305 timing reifyNode:node_modules/mime Completed in 2370ms
306 http fetch GET 200 https://cdn.npmmirror.com/packages/body-parser/1.19.0/body-parser-1.19.0.tgz 2048ms (cache miss)
307 timing reifyNode:node_modules/body-parser Completed in 2372ms
308 http fetch GET 200 https://cdn.npmmirror.com/packages/debug/2.6.9/debug-2.6.9.tgz 2106ms (cache miss)
309 timing reifyNode:node_modules/debug Completed in 2413ms
310 http fetch GET 200 https://cdn.npmmirror.com/packages/express/4.17.1/express-4.17.1.tgz 2155ms (cache miss)
311 http fetch GET 200 https://cdn.npmmirror.com/packages/qs/6.7.0/qs-6.7.0.tgz 2242ms (cache miss)
312 timing reifyNode:node_modules/qs Completed in 2438ms
313 timing reifyNode:node_modules/express Completed in 2435ms
314 http fetch GET 200 https://cdn.npmmirror.com/packages/iconv-lite/0.4.24/iconv-lite-0.4.24.tgz 2247ms (cache miss)
315 timing reifyNode:node_modules/iconv-lite Completed in 2514ms
316 http fetch GET 200 https://cdn.npmmirror.com/packages/array-flatten/1.1.1/array-flatten-1.1.1.tgz 2419ms (cache miss)
317 timing reifyNode:node_modules/array-flatten Completed in 2751ms
318 timing reify:unpack Completed in 2764ms
319 timing reify:unretire Completed in 0ms
320 timing build:queue Completed in 6ms
321 timing build:link:node_modules/mime Completed in 17ms
322 timing build:link Completed in 18ms
323 timing build:deps Completed in 26ms
324 timing build Completed in 27ms
325 timing reify:build Completed in 28ms
326 timing reify:trash Completed in 0ms
327 timing reify:save Completed in 67ms
328 timing reify Completed in 4891ms
329 silly ADD node_modules/vary
330 silly ADD node_modules/utils-merge
331 silly ADD node_modules/unpipe
332 silly ADD node_modules/type-is
333 silly ADD node_modules/toidentifier
334 silly ADD node_modules/statuses
335 silly ADD node_modules/setprototypeof
336 silly ADD node_modules/serve-static
337 silly ADD node_modules/send
338 silly ADD node_modules/send/node_modules/ms
339 silly ADD node_modules/safer-buffer
340 silly ADD node_modules/safe-buffer
341 silly ADD node_modules/raw-body
342 silly ADD node_modules/range-parser
343 silly ADD node_modules/qs
344 silly ADD node_modules/proxy-addr
345 silly ADD node_modules/path-to-regexp
346 silly ADD node_modules/parseurl
347 silly ADD node_modules/on-finished
348 silly ADD node_modules/object-assign
349 silly ADD node_modules/negotiator
350 silly ADD node_modules/ms
351 silly ADD node_modules/mime-types
352 silly ADD node_modules/mime-db
353 silly ADD node_modules/mime
354 silly ADD node_modules/methods
355 silly ADD node_modules/merge-descriptors
356 silly ADD node_modules/media-typer
357 silly ADD node_modules/ipaddr.js
358 silly ADD node_modules/inherits
359 silly ADD node_modules/iconv-lite
360 silly ADD node_modules/http-errors
361 silly ADD node_modules/fresh
362 silly ADD node_modules/forwarded
363 silly ADD node_modules/finalhandler
364 silly ADD node_modules/express
365 silly ADD node_modules/etag
366 silly ADD node_modules/escape-html
367 silly ADD node_modules/encodeurl
368 silly ADD node_modules/ee-first
369 silly ADD node_modules/destroy
370 silly ADD node_modules/depd
371 silly ADD node_modules/debug
372 silly ADD node_modules/cors
373 silly ADD node_modules/cookie-signature
374 silly ADD node_modules/cookie
375 silly ADD node_modules/content-type
376 silly ADD node_modules/content-disposition
377 silly ADD node_modules/bytes
378 silly ADD node_modules/body-parser
379 silly ADD node_modules/array-flatten
380 silly ADD node_modules/accepts
381 timing command:i Completed in 4918ms
382 verbose exit 0
383 timing npm Completed in 5307ms
384 info ok
