0 verbose cli F:\nvm\node\node.exe F:\nvm\node\node_modules\npm\bin\npm-cli.js
1 info using npm@8.19.2
2 info using node@v16.18.0
3 timing npm:load:whichnode Completed in 1ms
4 timing config:load:defaults Completed in 4ms
5 timing config:load:file:F:\nvm\nvm\v16.18.0\node_modules\npm\npmrc Completed in 2ms
6 timing config:load:builtin Completed in 2ms
7 timing config:load:cli Completed in 3ms
8 timing config:load:env Completed in 2ms
9 timing config:load:file:F:\learn\vue\ç å³°\01-vue\vue2\jiagouke-vue2021\static-server\.npmrc Completed in 0ms
10 timing config:load:project Completed in 6ms
11 timing config:load:file:C:\Users\zgy\.npmrc Completed in 4ms
12 timing config:load:user Completed in 5ms
13 timing config:load:file:F:\learn\vue\ç å³°\01-vue\vue2\jiagouke-vue2021\static-server\nvm\node_globel\etc\npmrc Completed in 1ms
14 timing config:load:global Completed in 1ms
15 timing config:load:validate Completed in 4ms
16 timing config:load:credentials Completed in 2ms
17 timing config:load:setEnvs Completed in 3ms
18 timing config:load Completed in 35ms
19 timing npm:load:configload Completed in 35ms
20 timing npm:load:mkdirpcache Completed in 3ms
21 timing npm:load:mkdirplogs Completed in 0ms
22 verbose title npm run start
23 verbose argv "run" "start"
24 timing npm:load:setTitle Completed in 10ms
25 timing config:load:flatten Completed in 9ms
26 timing npm:load:display Completed in 23ms
27 verbose logfile logs-max:10 dir:F:\learn\vue\ç å³°\01-vue\vue2\jiagouke-vue2021\static-server\nvm\node_globel\_logs
28 verbose logfile F:\learn\vue\ç å³°\01-vue\vue2\jiagouke-vue2021\static-server\nvm\node_globel\_logs\2024-07-24T12_16_27_213Z-debug-0.log
29 timing npm:load:logFile Completed in 18ms
30 timing npm:load:timers Completed in 0ms
31 timing npm:load:configScope Completed in 0ms
32 timing npm:load Completed in 94ms
33 silly logfile done cleaning log files
34 http fetch GET 200 https://registry.npmmirror.com/npm 357ms (cache miss)
35 timing command:run Completed in 470ms
36 notice
36 notice New [31mmajor[39m version of npm available! [31m8.19.2[39m -> [32m10.8.2[39m
36 notice Changelog: [36mhttps://github.com/npm/cli/releases/tag/v10.8.2[39m
36 notice Run [32mnpm install -g npm@10.8.2[39m to update!
36 notice
37 verbose exit 1
38 timing npm Completed in 614ms
39 verbose code 1
