0 verbose cli F:\nvm\node\node.exe F:\nvm\node\node_modules\npm\bin\npm-cli.js
1 info using npm@8.19.2
2 info using node@v16.18.0
3 timing npm:load:whichnode Completed in 1ms
4 timing config:load:defaults Completed in 12ms
5 timing config:load:file:F:\nvm\nvm\v16.18.0\node_modules\npm\npmrc Completed in 2ms
6 timing config:load:builtin Completed in 4ms
7 timing config:load:cli Completed in 6ms
8 timing config:load:env Completed in 2ms
9 timing config:load:file:f:\learn\vue\珠峰\01-vue\vue2\vue2源码系列\VUE2-5-PWA\.npmrc Completed in 1ms
10 timing config:load:project Completed in 15ms
11 timing config:load:file:C:\Users\zgy\.npmrc Completed in 28ms
12 timing config:load:user Completed in 28ms
13 timing config:load:file:F:\learn\vue\珠峰\01-vue\vue2\vue2源码系列\VUE2-5-PWA\nvm\node_globel\etc\npmrc Completed in 0ms
14 timing config:load:global Completed in 2ms
15 timing config:load:validate Completed in 9ms
16 timing config:load:credentials Completed in 4ms
17 timing config:load:setEnvs Completed in 4ms
18 timing config:load Completed in 88ms
19 timing npm:load:configload Completed in 89ms
20 timing npm:load:mkdirpcache Completed in 5ms
21 timing npm:load:mkdirplogs Completed in 2ms
22 verbose title npm view web-push description dist-tags.latest homepage version time
23 verbose argv "view" "--json" "--" "web-push" "description" "dist-tags.latest" "homepage" "version" "time"
24 timing npm:load:setTitle Completed in 9ms
25 timing config:load:flatten Completed in 12ms
26 timing npm:load:display Completed in 15ms
27 verbose logfile logs-max:10 dir:F:\learn\vue\珠峰\01-vue\vue2\vue2源码系列\VUE2-5-PWA\nvm\node_globel\_logs
28 verbose logfile F:\learn\vue\珠峰\01-vue\vue2\vue2源码系列\VUE2-5-PWA\nvm\node_globel\_logs\2024-07-24T11_23_15_985Z-debug-0.log
29 timing npm:load:logFile Completed in 32ms
30 timing npm:load:timers Completed in 0ms
31 timing npm:load:configScope Completed in 0ms
32 timing npm:load Completed in 156ms
33 silly logfile start cleaning logs, removing 4 files
34 silly logfile done cleaning log files
35 http fetch GET 200 https://registry.npmmirror.com/npm 594ms (cache miss)
36 http fetch GET 200 https://registry.npmmirror.com/web-push 818ms (cache miss)
37 timing command:view Completed in 868ms
38 notice
38 notice New major version of npm available! 8.19.2 -> 10.8.2
38 notice Changelog: <https://github.com/npm/cli/releases/tag/v10.8.2>
38 notice Run `npm install -g npm@10.8.2` to update!
38 notice
39 verbose exit 0
40 timing npm Completed in 1116ms
41 info ok
