0 verbose cli F:\nvm\node\node.exe F:\nvm\node\node_modules\npm\bin\npm-cli.js
1 info using npm@8.19.2
2 info using node@v16.18.0
3 timing npm:load:whichnode Completed in 1ms
4 timing config:load:defaults Completed in 7ms
5 timing config:load:file:F:\nvm\nvm\v16.18.0\node_modules\npm\npmrc Completed in 1ms
6 timing config:load:builtin Completed in 3ms
7 timing config:load:cli Completed in 4ms
8 timing config:load:env Completed in 1ms
9 timing config:load:project Completed in 2ms
10 timing config:load:file:C:\Users\zgy\.npmrc Completed in 4ms
11 timing config:load:user Completed in 4ms
12 timing config:load:file:F:\learn\vue\珠峰\01-vue\vue2\vue2源码系列\VUE2-10-vue-component\nvm\node_globel\etc\npmrc Completed in 0ms
13 timing config:load:global Completed in 1ms
14 timing config:load:validate Completed in 3ms
15 timing config:load:credentials Completed in 2ms
16 timing config:load:setEnvs Completed in 3ms
17 timing config:load Completed in 31ms
18 timing npm:load:configload Completed in 32ms
19 timing npm:load:mkdirpcache Completed in 2ms
20 timing npm:load:mkdirplogs Completed in 0ms
21 verbose title npm prefix
22 verbose argv "prefix" "--global"
23 timing npm:load:setTitle Completed in 2ms
24 timing config:load:flatten Completed in 6ms
25 timing npm:load:display Completed in 8ms
26 verbose logfile logs-max:10 dir:F:\learn\vue\珠峰\01-vue\vue2\vue2源码系列\VUE2-10-vue-component\nvm\node_globel\_logs
27 verbose logfile F:\learn\vue\珠峰\01-vue\vue2\vue2源码系列\VUE2-10-vue-component\nvm\node_globel\_logs\2024-07-24T12_19_13_206Z-debug-0.log
28 timing npm:load:logFile Completed in 13ms
29 timing npm:load:timers Completed in 0ms
30 timing npm:load:configScope Completed in 0ms
31 timing npm:load Completed in 61ms
32 timing command:prefix Completed in 5ms
33 verbose exit 0
34 timing npm Completed in 82ms
35 info ok
