0 verbose cli F:\nvm\node\node.exe F:\nvm\node\node_modules\npm\bin\npm-cli.js
1 info using npm@8.19.2
2 info using node@v16.18.0
3 timing npm:load:whichnode Completed in 1ms
4 timing config:load:defaults Completed in 2ms
5 timing config:load:file:F:\nvm\nvm\v16.18.0\node_modules\npm\npmrc Completed in 1ms
6 timing config:load:builtin Completed in 1ms
7 timing config:load:cli Completed in 2ms
8 timing config:load:env Completed in 0ms
9 timing config:load:file:f:\learn\vue\珠峰\01-vue\vue2\jiagouke-vue2021\.npmrc Completed in 0ms
10 timing config:load:project Completed in 2ms
11 timing config:load:file:C:\Users\zgy\.npmrc Completed in 1ms
12 timing config:load:user Completed in 2ms
13 timing config:load:file:F:\learn\vue\珠峰\01-vue\vue2\jiagouke-vue2021\nvm\node_globel\etc\npmrc Completed in 0ms
14 timing config:load:global Completed in 0ms
15 timing config:load:validate Completed in 2ms
16 timing config:load:credentials Completed in 1ms
17 timing config:load:setEnvs Completed in 1ms
18 timing config:load Completed in 14ms
19 timing npm:load:configload Completed in 14ms
20 timing npm:load:mkdirpcache Completed in 1ms
21 timing npm:load:mkdirplogs Completed in 0ms
22 verbose title npm config get prefix
23 verbose argv "config" "get" "prefix"
24 timing npm:load:setTitle Completed in 1ms
25 timing config:load:flatten Completed in 3ms
26 timing npm:load:display Completed in 4ms
27 verbose logfile logs-max:10 dir:F:\learn\vue\珠峰\01-vue\vue2\jiagouke-vue2021\nvm\node_globel\_logs
28 verbose logfile F:\learn\vue\珠峰\01-vue\vue2\jiagouke-vue2021\nvm\node_globel\_logs\2024-07-25T07_02_34_093Z-debug-0.log
29 timing npm:load:logFile Completed in 7ms
30 timing npm:load:timers Completed in 0ms
31 timing npm:load:configScope Completed in 0ms
32 timing npm:load Completed in 29ms
33 timing command:config Completed in 3ms
34 verbose exit 0
35 timing npm Completed in 56ms
36 info ok
