0 verbose cli F:\nvm\node\node.exe F:\nvm\node\node_modules\npm\bin\npm-cli.js
1 info using npm@10.2.4
2 info using node@v20.11.1
3 timing npm:load:whichnode Completed in 30ms
4 timing config:load:defaults Completed in 20ms
5 timing config:load:file:F:\nvm\nvm\v20.11.1\node_modules\npm\npmrc Completed in 3ms
6 timing config:load:builtin Completed in 5ms
7 timing config:load:cli Completed in 6ms
8 timing config:load:env Completed in 2ms
9 timing config:load:file:f:\learn\vue\珠峰\01-vue\vue2\jiagouke-vue2021\.npmrc Completed in 2ms
10 timing config:load:project Completed in 103ms
11 timing config:load:file:C:\Users\zgy\.npmrc Completed in 31ms
12 timing config:load:user Completed in 32ms
13 timing config:load:file:F:\learn\vue\珠峰\01-vue\vue2\jiagouke-vue2021\nvm\node_globel\etc\npmrc Completed in 1ms
14 timing config:load:global Completed in 1ms
15 timing config:load:setEnvs Completed in 4ms
16 timing config:load Completed in 175ms
17 timing npm:load:configload Completed in 175ms
18 timing config:load:flatten Completed in 9ms
19 timing npm:load:mkdirpcache Completed in 7ms
20 timing npm:load:mkdirplogs Completed in 19ms
21 verbose title npm config get prefix
22 verbose argv "config" "get" "prefix"
23 timing npm:load:setTitle Completed in 14ms
24 timing npm:load:display Completed in 3ms
25 verbose logfile logs-max:10 dir:F:\learn\vue\珠峰\01-vue\vue2\jiagouke-vue2021\nvm\node_globel\_logs\2024-06-24T03_02_49_118Z-
26 verbose logfile F:\learn\vue\珠峰\01-vue\vue2\jiagouke-vue2021\nvm\node_globel\_logs\2024-06-24T03_02_49_118Z-debug-0.log
27 timing npm:load:logFile Completed in 52ms
28 timing npm:load:timers Completed in 0ms
29 timing npm:load:configScope Completed in 1ms
30 timing npm:load Completed in 397ms
31 timing command:config Completed in 16ms
32 verbose exit 0
33 timing npm Completed in 668ms
34 info ok
