0 verbose cli F:\nvm\node\node.exe F:\nvm\node\node_modules\npm\bin\npm-cli.js
1 info using npm@10.2.4
2 info using node@v20.11.1
3 timing npm:load:whichnode Completed in 1ms
4 timing config:load:defaults Completed in 1ms
5 timing config:load:file:F:\nvm\nvm\v20.11.1\node_modules\npm\npmrc Completed in 2ms
6 timing config:load:builtin Completed in 2ms
7 timing config:load:cli Completed in 2ms
8 timing config:load:env Completed in 0ms
9 timing config:load:project Completed in 1ms
10 timing config:load:file:C:\Users\zgy\.npmrc Completed in 1ms
11 timing config:load:user Completed in 1ms
12 timing config:load:file:F:\learn\珠峰\01-vue\vue2\VUE2-STAGE\nvm\node_globel\etc\npmrc Completed in 1ms
13 timing config:load:global Completed in 1ms
14 timing config:load:setEnvs Completed in 0ms
15 timing config:load Completed in 8ms
16 timing npm:load:configload Completed in 8ms
17 timing config:load:flatten Completed in 1ms
18 timing npm:load:mkdirpcache Completed in 0ms
19 timing npm:load:mkdirplogs Completed in 0ms
20 verbose title npm prefix
21 verbose argv "prefix" "--global"
22 timing npm:load:setTitle Completed in 1ms
23 timing npm:load:display Completed in 0ms
24 verbose logfile logs-max:10 dir:F:\learn\珠峰\01-vue\vue2\VUE2-STAGE\nvm\node_globel\_logs\2024-06-13T07_30_51_595Z-
25 verbose logfile F:\learn\珠峰\01-vue\vue2\VUE2-STAGE\nvm\node_globel\_logs\2024-06-13T07_30_51_595Z-debug-0.log
26 timing npm:load:logFile Completed in 8ms
27 timing npm:load:timers Completed in 0ms
28 timing npm:load:configScope Completed in 0ms
29 timing npm:load Completed in 38ms
30 timing command:prefix Completed in 1ms
31 verbose exit 0
32 timing npm Completed in 88ms
33 info ok
