0 verbose cli F:\nvm\node\node.exe F:\nvm\node\node_modules\npm\bin\npm-cli.js
1 info using npm@10.2.4
2 info using node@v20.11.1
3 timing npm:load:whichnode Completed in 4ms
4 timing config:load:defaults Completed in 7ms
5 timing config:load:file:F:\nvm\nvm\v20.11.1\node_modules\npm\npmrc Completed in 1ms
6 timing config:load:builtin Completed in 1ms
7 timing config:load:cli Completed in 4ms
8 timing config:load:env Completed in 1ms
9 timing config:load:file:F:\learn\vue\珠峰\01-vue\vue2\VUE2-STAGE\.npmrc Completed in 0ms
10 timing config:load:project Completed in 2ms
11 timing config:load:file:C:\Users\zgy\.npmrc Completed in 3ms
12 timing config:load:user Completed in 3ms
13 timing config:load:file:F:\learn\vue\珠峰\01-vue\vue2\VUE2-STAGE\nvm\node_globel\etc\npmrc Completed in 0ms
14 timing config:load:global Completed in 0ms
15 timing config:load:setEnvs Completed in 2ms
16 timing config:load Completed in 23ms
17 timing npm:load:configload Completed in 24ms
18 timing config:load:flatten Completed in 6ms
19 timing npm:load:mkdirpcache Completed in 1ms
20 timing npm:load:mkdirplogs Completed in 1ms
21 verbose title npm run dev
22 verbose argv "run" "dev"
23 timing npm:load:setTitle Completed in 2ms
24 timing npm:load:display Completed in 1ms
25 verbose logfile logs-max:10 dir:F:\learn\vue\珠峰\01-vue\vue2\VUE2-STAGE\nvm\node_globel\_logs\2024-06-29T06_27_42_195Z-
26 verbose logfile F:\learn\vue\珠峰\01-vue\vue2\VUE2-STAGE\nvm\node_globel\_logs\2024-06-29T06_27_42_195Z-debug-0.log
27 timing npm:load:logFile Completed in 24ms
28 timing npm:load:timers Completed in 0ms
29 timing npm:load:configScope Completed in 0ms
30 timing npm:load Completed in 109ms
31 silly logfile start cleaning logs, removing 2 files
32 silly logfile done cleaning log files
33 timing command:run Completed in 9437581ms
34 verbose exit 1
35 timing npm Completed in 9437846ms
36 verbose code 1
