0 verbose cli F:\nvm\node\node.exe F:\nvm\node\node_modules\npm\bin\npm-cli.js
1 info using npm@10.2.4
2 info using node@v20.11.1
3 timing npm:load:whichnode Completed in 21ms
4 timing config:load:defaults Completed in 21ms
5 timing config:load:file:F:\nvm\nvm\v20.11.1\node_modules\npm\npmrc Completed in 2ms
6 timing config:load:builtin Completed in 2ms
7 timing config:load:cli Completed in 11ms
8 timing config:load:env Completed in 1ms
9 timing config:load:project Completed in 2ms
10 timing config:load:file:C:\Users\zgy\.npmrc Completed in 13ms
11 timing config:load:user Completed in 14ms
12 timing config:load:file:F:\learn\vue\珠峰\01-vue\vue2\VUE2-STAGE\nvm\node_globel\etc\npmrc Completed in 1ms
13 timing config:load:global Completed in 2ms
14 timing config:load:setEnvs Completed in 4ms
15 timing config:load Completed in 58ms
16 timing npm:load:configload Completed in 59ms
17 timing config:load:flatten Completed in 8ms
18 timing npm:load:mkdirpcache Completed in 1ms
19 timing npm:load:mkdirplogs Completed in 2ms
20 verbose title npm prefix
21 verbose argv "prefix" "--global"
22 timing npm:load:setTitle Completed in 3ms
23 timing npm:load:display Completed in 4ms
24 verbose logfile logs-max:10 dir:F:\learn\vue\珠峰\01-vue\vue2\VUE2-STAGE\nvm\node_globel\_logs\2024-07-01T07_24_47_740Z-
25 verbose logfile F:\learn\vue\珠峰\01-vue\vue2\VUE2-STAGE\nvm\node_globel\_logs\2024-07-01T07_24_47_740Z-debug-0.log
26 timing npm:load:logFile Completed in 49ms
27 timing npm:load:timers Completed in 0ms
28 timing npm:load:configScope Completed in 0ms
29 timing npm:load Completed in 220ms
30 timing command:prefix Completed in 6ms
31 verbose exit 0
32 timing npm Completed in 700ms
33 info ok
