0 verbose cli F:\nvm\node\node.exe F:\nvm\node\node_modules\npm\bin\npm-cli.js
1 info using npm@10.2.4
2 info using node@v20.11.1
3 timing npm:load:whichnode Completed in 2ms
4 timing config:load:defaults Completed in 2ms
5 timing config:load:file:F:\nvm\nvm\v20.11.1\node_modules\npm\npmrc Completed in 2ms
6 timing config:load:builtin Completed in 2ms
7 timing config:load:cli Completed in 2ms
8 timing config:load:env Completed in 1ms
9 timing config:load:file:F:\learn\vue\珠峰\01-vue\vue2\vue2源码系列\VUE2-UPDATE\.npmrc Completed in 0ms
10 timing config:load:project Completed in 1ms
11 timing config:load:file:C:\Users\zgy\.npmrc Completed in 1ms
12 timing config:load:user Completed in 3ms
13 timing config:load:file:F:\learn\vue\珠峰\01-vue\vue2\vue2源码系列\VUE2-UPDATE\nvm\node_globel\etc\npmrc Completed in 0ms
14 timing config:load:global Completed in 0ms
15 timing config:load:setEnvs Completed in 1ms
16 timing config:load Completed in 13ms
17 timing npm:load:configload Completed in 13ms
18 timing config:load:flatten Completed in 2ms
19 timing npm:load:mkdirpcache Completed in 1ms
20 timing npm:load:mkdirplogs Completed in 0ms
21 verbose title npm i
22 verbose argv "i"
23 timing npm:load:setTitle Completed in 1ms
24 timing npm:load:display Completed in 1ms
25 verbose logfile logs-max:10 dir:F:\learn\vue\珠峰\01-vue\vue2\vue2源码系列\VUE2-UPDATE\nvm\node_globel\_logs\2024-07-01T07_30_01_985Z-
26 verbose logfile F:\learn\vue\珠峰\01-vue\vue2\vue2源码系列\VUE2-UPDATE\nvm\node_globel\_logs\2024-07-01T07_30_01_985Z-debug-0.log
27 timing npm:load:logFile Completed in 11ms
28 timing npm:load:timers Completed in 0ms
29 timing npm:load:configScope Completed in 1ms
30 timing npm:load Completed in 56ms
31 timing arborist:ctor Completed in 1ms
32 silly logfile done cleaning log files
33 timing idealTree:init Completed in 136ms
34 timing idealTree:userRequests Completed in 0ms
35 silly idealTree buildDeps
36 timing idealTree:#root Completed in 0ms
37 timing idealTree:buildDeps Completed in 2ms
38 timing idealTree:fixDepFlags Completed in 0ms
39 timing idealTree Completed in 143ms
40 timing reify:loadTrees Completed in 148ms
41 timing reify:diffTrees Completed in 4ms
42 silly reify moves {}
43 timing reify:retireShallow Completed in 3ms
44 timing reify:createSparse Completed in 102ms
45 timing reify:loadBundles Completed in 0ms
46 silly audit bulk request {
46 silly audit   '@ampproject/remapping': [ '2.3.0' ],
46 silly audit   '@babel/code-frame': [ '7.24.7' ],
46 silly audit   '@babel/compat-data': [ '7.24.7' ],
46 silly audit   '@babel/core': [ '7.24.7' ],
46 silly audit   '@babel/generator': [ '7.24.7' ],
46 silly audit   '@babel/helper-annotate-as-pure': [ '7.24.7' ],
46 silly audit   '@babel/helper-builder-binary-assignment-operator-visitor': [ '7.24.7' ],
46 silly audit   '@babel/helper-compilation-targets': [ '7.24.7' ],
46 silly audit   '@babel/helper-create-class-features-plugin': [ '7.24.7' ],
46 silly audit   '@babel/helper-create-regexp-features-plugin': [ '7.24.7' ],
46 silly audit   '@babel/helper-define-polyfill-provider': [ '0.6.2' ],
46 silly audit   '@babel/helper-environment-visitor': [ '7.24.7' ],
46 silly audit   '@babel/helper-function-name': [ '7.24.7' ],
46 silly audit   '@babel/helper-hoist-variables': [ '7.24.7' ],
46 silly audit   '@babel/helper-member-expression-to-functions': [ '7.24.7' ],
46 silly audit   '@babel/helper-module-imports': [ '7.24.7' ],
46 silly audit   '@babel/helper-module-transforms': [ '7.24.7' ],
46 silly audit   '@babel/helper-optimise-call-expression': [ '7.24.7' ],
46 silly audit   '@babel/helper-plugin-utils': [ '7.24.7' ],
46 silly audit   '@babel/helper-remap-async-to-generator': [ '7.24.7' ],
46 silly audit   '@babel/helper-replace-supers': [ '7.24.7' ],
46 silly audit   '@babel/helper-simple-access': [ '7.24.7' ],
46 silly audit   '@babel/helper-skip-transparent-expression-wrappers': [ '7.24.7' ],
46 silly audit   '@babel/helper-split-export-declaration': [ '7.24.7' ],
46 silly audit   '@babel/helper-string-parser': [ '7.24.7' ],
46 silly audit   '@babel/helper-validator-identifier': [ '7.24.7' ],
46 silly audit   '@babel/helper-validator-option': [ '7.24.7' ],
46 silly audit   '@babel/helper-wrap-function': [ '7.24.7' ],
46 silly audit   '@babel/helpers': [ '7.24.7' ],
46 silly audit   '@babel/highlight': [ '7.24.7' ],
46 silly audit   '@babel/parser': [ '7.24.7' ],
46 silly audit   '@babel/plugin-bugfix-firefox-class-in-computed-class-key': [ '7.24.7' ],
46 silly audit   '@babel/plugin-bugfix-safari-id-destructuring-collision-in-function-expression': [ '7.24.7' ],
46 silly audit   '@babel/plugin-bugfix-v8-spread-parameters-in-optional-chaining': [ '7.24.7' ],
46 silly audit   '@babel/plugin-bugfix-v8-static-class-fields-redefine-readonly': [ '7.24.7' ],
46 silly audit   '@babel/plugin-proposal-private-property-in-object': [ '7.21.0-placeholder-for-preset-env.2' ],
46 silly audit   '@babel/plugin-syntax-async-generators': [ '7.8.4' ],
46 silly audit   '@babel/plugin-syntax-class-properties': [ '7.12.13' ],
46 silly audit   '@babel/plugin-syntax-class-static-block': [ '7.14.5' ],
46 silly audit   '@babel/plugin-syntax-dynamic-import': [ '7.8.3' ],
46 silly audit   '@babel/plugin-syntax-export-namespace-from': [ '7.8.3' ],
46 silly audit   '@babel/plugin-syntax-import-assertions': [ '7.24.7' ],
46 silly audit   '@babel/plugin-syntax-import-attributes': [ '7.24.7' ],
46 silly audit   '@babel/plugin-syntax-import-meta': [ '7.10.4' ],
46 silly audit   '@babel/plugin-syntax-json-strings': [ '7.8.3' ],
46 silly audit   '@babel/plugin-syntax-logical-assignment-operators': [ '7.10.4' ],
46 silly audit   '@babel/plugin-syntax-nullish-coalescing-operator': [ '7.8.3' ],
46 silly audit   '@babel/plugin-syntax-numeric-separator': [ '7.10.4' ],
46 silly audit   '@babel/plugin-syntax-object-rest-spread': [ '7.8.3' ],
46 silly audit   '@babel/plugin-syntax-optional-catch-binding': [ '7.8.3' ],
46 silly audit   '@babel/plugin-syntax-optional-chaining': [ '7.8.3' ],
46 silly audit   '@babel/plugin-syntax-private-property-in-object': [ '7.14.5' ],
46 silly audit   '@babel/plugin-syntax-top-level-await': [ '7.14.5' ],
46 silly audit   '@babel/plugin-syntax-unicode-sets-regex': [ '7.18.6' ],
46 silly audit   '@babel/plugin-transform-arrow-functions': [ '7.24.7' ],
46 silly audit   '@babel/plugin-transform-async-generator-functions': [ '7.24.7' ],
46 silly audit   '@babel/plugin-transform-async-to-generator': [ '7.24.7' ],
46 silly audit   '@babel/plugin-transform-block-scoped-functions': [ '7.24.7' ],
46 silly audit   '@babel/plugin-transform-block-scoping': [ '7.24.7' ],
46 silly audit   '@babel/plugin-transform-class-properties': [ '7.24.7' ],
46 silly audit   '@babel/plugin-transform-class-static-block': [ '7.24.7' ],
46 silly audit   '@babel/plugin-transform-classes': [ '7.24.7' ],
46 silly audit   '@babel/plugin-transform-computed-properties': [ '7.24.7' ],
46 silly audit   '@babel/plugin-transform-destructuring': [ '7.24.7' ],
46 silly audit   '@babel/plugin-transform-dotall-regex': [ '7.24.7' ],
46 silly audit   '@babel/plugin-transform-duplicate-keys': [ '7.24.7' ],
46 silly audit   '@babel/plugin-transform-dynamic-import': [ '7.24.7' ],
46 silly audit   '@babel/plugin-transform-exponentiation-operator': [ '7.24.7' ],
46 silly audit   '@babel/plugin-transform-export-namespace-from': [ '7.24.7' ],
46 silly audit   '@babel/plugin-transform-for-of': [ '7.24.7' ],
46 silly audit   '@babel/plugin-transform-function-name': [ '7.24.7' ],
46 silly audit   '@babel/plugin-transform-json-strings': [ '7.24.7' ],
46 silly audit   '@babel/plugin-transform-literals': [ '7.24.7' ],
46 silly audit   '@babel/plugin-transform-logical-assignment-operators': [ '7.24.7' ],
46 silly audit   '@babel/plugin-transform-member-expression-literals': [ '7.24.7' ],
46 silly audit   '@babel/plugin-transform-modules-amd': [ '7.24.7' ],
46 silly audit   '@babel/plugin-transform-modules-commonjs': [ '7.24.7' ],
46 silly audit   '@babel/plugin-transform-modules-systemjs': [ '7.24.7' ],
46 silly audit   '@babel/plugin-transform-modules-umd': [ '7.24.7' ],
46 silly audit   '@babel/plugin-transform-named-capturing-groups-regex': [ '7.24.7' ],
46 silly audit   '@babel/plugin-transform-new-target': [ '7.24.7' ],
46 silly audit   '@babel/plugin-transform-nullish-coalescing-operator': [ '7.24.7' ],
46 silly audit   '@babel/plugin-transform-numeric-separator': [ '7.24.7' ],
46 silly audit   '@babel/plugin-transform-object-rest-spread': [ '7.24.7' ],
46 silly audit   '@babel/plugin-transform-object-super': [ '7.24.7' ],
46 silly audit   '@babel/plugin-transform-optional-catch-binding': [ '7.24.7' ],
46 silly audit   '@babel/plugin-transform-optional-chaining': [ '7.24.7' ],
46 silly audit   '@babel/plugin-transform-parameters': [ '7.24.7' ],
46 silly audit   '@babel/plugin-transform-private-methods': [ '7.24.7' ],
46 silly audit   '@babel/plugin-transform-private-property-in-object': [ '7.24.7' ],
46 silly audit   '@babel/plugin-transform-property-literals': [ '7.24.7' ],
46 silly audit   '@babel/plugin-transform-regenerator': [ '7.24.7' ],
46 silly audit   '@babel/plugin-transform-reserved-words': [ '7.24.7' ],
46 silly audit   '@babel/plugin-transform-shorthand-properties': [ '7.24.7' ],
46 silly audit   '@babel/plugin-transform-spread': [ '7.24.7' ],
46 silly audit   '@babel/plugin-transform-sticky-regex': [ '7.24.7' ],
46 silly audit   '@babel/plugin-transform-template-literals': [ '7.24.7' ],
46 silly audit   '@babel/plugin-transform-typeof-symbol': [ '7.24.7' ],
46 silly audit   '@babel/plugin-transform-unicode-escapes': [ '7.24.7' ],
46 silly audit   '@babel/plugin-transform-unicode-property-regex': [ '7.24.7' ],
46 silly audit   '@babel/plugin-transform-unicode-regex': [ '7.24.7' ],
46 silly audit   '@babel/plugin-transform-unicode-sets-regex': [ '7.24.7' ],
46 silly audit   '@babel/preset-env': [ '7.24.7' ],
46 silly audit   '@babel/preset-modules': [ '0.1.6-no-external-plugins' ],
46 silly audit   '@babel/regjsgen': [ '0.8.0' ],
46 silly audit   '@babel/runtime': [ '7.24.7' ],
46 silly audit   '@babel/template': [ '7.24.7' ],
46 silly audit   '@babel/traverse': [ '7.24.7' ],
46 silly audit   '@babel/types': [ '7.24.7' ],
46 silly audit   '@jridgewell/gen-mapping': [ '0.3.5' ],
46 silly audit   '@jridgewell/resolve-uri': [ '3.1.2' ],
46 silly audit   '@jridgewell/set-array': [ '1.2.1' ],
46 silly audit   '@jridgewell/sourcemap-codec': [ '1.4.15' ],
46 silly audit   '@jridgewell/trace-mapping': [ '0.3.25' ],
46 silly audit   'ansi-styles': [ '3.2.1' ],
46 silly audit   'babel-plugin-polyfill-corejs2': [ '0.4.11' ],
46 silly audit   'babel-plugin-polyfill-corejs3': [ '0.10.4' ],
46 silly audit   'babel-plugin-polyfill-regenerator': [ '0.6.2' ],
46 silly audit   browserslist: [ '4.23.1' ],
46 silly audit   'caniuse-lite': [ '1.0.30001633' ],
46 silly audit   chalk: [ '2.4.2' ],
46 silly audit   'color-convert': [ '1.9.3' ],
46 silly audit   'color-name': [ '1.1.3' ],
46 silly audit   'convert-source-map': [ '2.0.0' ],
46 silly audit   'core-js-compat': [ '3.37.1' ],
46 silly audit   debug: [ '4.3.5' ],
46 silly audit   'electron-to-chromium': [ '1.4.801' ],
46 silly audit   escalade: [ '3.1.2' ],
46 silly audit   'escape-string-regexp': [ '1.0.5' ],
46 silly audit   'estree-walker': [ '0.6.1' ],
46 silly audit   esutils: [ '2.0.3' ],
46 silly audit   fsevents: [ '2.3.3' ],
46 silly audit   'function-bind': [ '1.1.2' ],
46 silly audit   gensync: [ '1.0.0-beta.2' ],
46 silly audit   globals: [ '11.12.0' ],
46 silly audit   'has-flag': [ '3.0.0' ],
46 silly audit   hasown: [ '2.0.2' ],
46 silly audit   'is-core-module': [ '2.13.1' ],
46 silly audit   'js-tokens': [ '4.0.0' ],
46 silly audit   jsesc: [ '2.5.2', '0.5.0' ],
46 silly audit   json5: [ '2.2.3' ],
46 silly audit   'lodash.debounce': [ '4.0.8' ],
46 silly audit   'lru-cache': [ '5.1.1' ],
46 silly audit   ms: [ '2.1.2' ],
46 silly audit   'node-releases': [ '2.0.14' ],
46 silly audit   'path-parse': [ '1.0.7' ],
46 silly audit   picocolors: [ '1.0.1' ],
46 silly audit   regenerate: [ '1.4.2' ],
46 silly audit   'regenerate-unicode-properties': [ '10.1.1' ],
46 silly audit   'regenerator-runtime': [ '0.14.1' ],
46 silly audit   'regenerator-transform': [ '0.15.2' ],
46 silly audit   'regexpu-core': [ '5.3.2' ],
46 silly audit   regjsparser: [ '0.9.1' ],
46 silly audit   resolve: [ '1.22.8' ],
46 silly audit   rollup: [ '2.79.1' ],
46 silly audit   'rollup-plugin-babel': [ '4.4.0' ],
46 silly audit   'rollup-pluginutils': [ '2.8.2' ],
46 silly audit   semver: [ '6.3.1' ],
46 silly audit   'supports-color': [ '5.5.0' ],
46 silly audit   'supports-preserve-symlinks-flag': [ '1.0.0' ],
46 silly audit   'to-fast-properties': [ '2.0.0' ],
46 silly audit   'unicode-canonical-property-names-ecmascript': [ '2.0.0' ],
46 silly audit   'unicode-match-property-ecmascript': [ '2.0.0' ],
46 silly audit   'unicode-match-property-value-ecmascript': [ '2.1.0' ],
46 silly audit   'unicode-property-aliases-ecmascript': [ '2.1.0' ],
46 silly audit   'update-browserslist-db': [ '1.0.16' ],
46 silly audit   yallist: [ '3.1.1' ]
46 silly audit }
47 verbose reify failed optional dependency F:\learn\vue\珠峰\01-vue\vue2\vue2源码系列\VUE2-UPDATE\node_modules\fsevents
48 silly reify mark deleted [
48 silly reify   'F:\\learn\\vue\\珠峰\\01-vue\\vue2\\vue2源码系列\\VUE2-UPDATE\\node_modules\\fsevents'
48 silly reify ]
49 timing reifyNode:node_modules/fsevents Completed in 48ms
50 http fetch POST 404 https://registry.npmmirror.com/-/npm/v1/security/advisories/bulk 72ms
51 silly audit bulk request failed [object Object]
52 silly tarball no local data for yallist@https://registry.npmmirror.com/yallist/-/yallist-3.1.1.tgz. Extracting by manifest.
53 silly tarball no local data for update-browserslist-db@https://registry.npmmirror.com/update-browserslist-db/-/update-browserslist-db-1.0.16.tgz. Extracting by manifest.
54 silly tarball no local data for unicode-property-aliases-ecmascript@https://registry.npmmirror.com/unicode-property-aliases-ecmascript/-/unicode-property-aliases-ecmascript-2.1.0.tgz. Extracting by manifest.
55 silly tarball no local data for unicode-match-property-value-ecmascript@https://registry.npmmirror.com/unicode-match-property-value-ecmascript/-/unicode-match-property-value-ecmascript-2.1.0.tgz. Extracting by manifest.
56 silly tarball no local data for unicode-match-property-ecmascript@https://registry.npmmirror.com/unicode-match-property-ecmascript/-/unicode-match-property-ecmascript-2.0.0.tgz. Extracting by manifest.
57 silly tarball no local data for unicode-canonical-property-names-ecmascript@https://registry.npmmirror.com/unicode-canonical-property-names-ecmascript/-/unicode-canonical-property-names-ecmascript-2.0.0.tgz. Extracting by manifest.
58 silly tarball no local data for to-fast-properties@https://registry.npmmirror.com/to-fast-properties/-/to-fast-properties-2.0.0.tgz. Extracting by manifest.
59 silly tarball no local data for supports-preserve-symlinks-flag@https://registry.npmmirror.com/supports-preserve-symlinks-flag/-/supports-preserve-symlinks-flag-1.0.0.tgz. Extracting by manifest.
60 silly tarball no local data for supports-color@https://registry.npmmirror.com/supports-color/-/supports-color-5.5.0.tgz. Extracting by manifest.
61 silly tarball no local data for rollup-pluginutils@https://registry.npmmirror.com/rollup-pluginutils/-/rollup-pluginutils-2.8.2.tgz. Extracting by manifest.
62 silly tarball no local data for semver@https://registry.npmmirror.com/semver/-/semver-6.3.1.tgz. Extracting by manifest.
63 silly tarball no local data for rollup-plugin-babel@https://registry.npmmirror.com/rollup-plugin-babel/-/rollup-plugin-babel-4.4.0.tgz. Extracting by manifest.
64 silly tarball no local data for rollup@https://registry.npmmirror.com/rollup/-/rollup-2.79.1.tgz. Extracting by manifest.
65 silly tarball no local data for resolve@https://registry.npmmirror.com/resolve/-/resolve-1.22.8.tgz. Extracting by manifest.
66 silly tarball no local data for regexpu-core@https://registry.npmmirror.com/regexpu-core/-/regexpu-core-5.3.2.tgz. Extracting by manifest.
67 silly tarball no local data for regjsparser@https://registry.npmmirror.com/regjsparser/-/regjsparser-0.9.1.tgz. Extracting by manifest.
68 silly tarball no local data for regenerator-transform@https://registry.npmmirror.com/regenerator-transform/-/regenerator-transform-0.15.2.tgz. Extracting by manifest.
69 silly tarball no local data for regenerator-runtime@https://registry.npmmirror.com/regenerator-runtime/-/regenerator-runtime-0.14.1.tgz. Extracting by manifest.
70 silly tarball no local data for regenerate-unicode-properties@https://registry.npmmirror.com/regenerate-unicode-properties/-/regenerate-unicode-properties-10.1.1.tgz. Extracting by manifest.
71 silly tarball no local data for regenerate@https://registry.npmmirror.com/regenerate/-/regenerate-1.4.2.tgz. Extracting by manifest.
72 silly tarball no local data for picocolors@https://registry.npmmirror.com/picocolors/-/picocolors-1.0.1.tgz. Extracting by manifest.
73 silly tarball no local data for path-parse@https://registry.npmmirror.com/path-parse/-/path-parse-1.0.7.tgz. Extracting by manifest.
74 silly tarball no local data for node-releases@https://registry.npmmirror.com/node-releases/-/node-releases-2.0.14.tgz. Extracting by manifest.
75 silly tarball no local data for ms@https://registry.npmmirror.com/ms/-/ms-2.1.2.tgz. Extracting by manifest.
76 silly tarball no local data for lodash.debounce@https://registry.npmmirror.com/lodash.debounce/-/lodash.debounce-4.0.8.tgz. Extracting by manifest.
77 silly tarball no local data for lru-cache@https://registry.npmmirror.com/lru-cache/-/lru-cache-5.1.1.tgz. Extracting by manifest.
78 silly tarball no local data for json5@https://registry.npmmirror.com/json5/-/json5-2.2.3.tgz. Extracting by manifest.
79 silly tarball no local data for jsesc@https://registry.npmmirror.com/jsesc/-/jsesc-2.5.2.tgz. Extracting by manifest.
80 silly tarball no local data for js-tokens@https://registry.npmmirror.com/js-tokens/-/js-tokens-4.0.0.tgz. Extracting by manifest.
81 silly tarball no local data for is-core-module@https://registry.npmmirror.com/is-core-module/-/is-core-module-2.13.1.tgz. Extracting by manifest.
82 silly tarball no local data for hasown@https://registry.npmmirror.com/hasown/-/hasown-2.0.2.tgz. Extracting by manifest.
83 silly tarball no local data for has-flag@https://registry.npmmirror.com/has-flag/-/has-flag-3.0.0.tgz. Extracting by manifest.
84 silly tarball no local data for globals@https://registry.npmmirror.com/globals/-/globals-11.12.0.tgz. Extracting by manifest.
85 silly tarball no local data for gensync@https://registry.npmmirror.com/gensync/-/gensync-1.0.0-beta.2.tgz. Extracting by manifest.
86 silly tarball no local data for function-bind@https://registry.npmmirror.com/function-bind/-/function-bind-1.1.2.tgz. Extracting by manifest.
87 silly tarball no local data for esutils@https://registry.npmmirror.com/esutils/-/esutils-2.0.3.tgz. Extracting by manifest.
88 silly tarball no local data for estree-walker@https://registry.npmmirror.com/estree-walker/-/estree-walker-0.6.1.tgz. Extracting by manifest.
89 silly tarball no local data for escape-string-regexp@https://registry.npmmirror.com/escape-string-regexp/-/escape-string-regexp-1.0.5.tgz. Extracting by manifest.
90 silly tarball no local data for escalade@https://registry.npmmirror.com/escalade/-/escalade-3.1.2.tgz. Extracting by manifest.
91 silly tarball no local data for electron-to-chromium@https://registry.npmmirror.com/electron-to-chromium/-/electron-to-chromium-1.4.801.tgz. Extracting by manifest.
92 silly tarball no local data for debug@https://registry.npmmirror.com/debug/-/debug-4.3.5.tgz. Extracting by manifest.
93 silly tarball no local data for core-js-compat@https://registry.npmmirror.com/core-js-compat/-/core-js-compat-3.37.1.tgz. Extracting by manifest.
94 silly tarball no local data for convert-source-map@https://registry.npmmirror.com/convert-source-map/-/convert-source-map-2.0.0.tgz. Extracting by manifest.
95 silly tarball no local data for color-name@https://registry.npmmirror.com/color-name/-/color-name-1.1.3.tgz. Extracting by manifest.
96 silly tarball no local data for color-convert@https://registry.npmmirror.com/color-convert/-/color-convert-1.9.3.tgz. Extracting by manifest.
97 silly tarball no local data for chalk@https://registry.npmmirror.com/chalk/-/chalk-2.4.2.tgz. Extracting by manifest.
98 silly tarball no local data for caniuse-lite@https://registry.npmmirror.com/caniuse-lite/-/caniuse-lite-1.0.30001633.tgz. Extracting by manifest.
99 silly tarball no local data for browserslist@https://registry.npmmirror.com/browserslist/-/browserslist-4.23.1.tgz. Extracting by manifest.
100 silly tarball no local data for babel-plugin-polyfill-regenerator@https://registry.npmmirror.com/babel-plugin-polyfill-regenerator/-/babel-plugin-polyfill-regenerator-0.6.2.tgz. Extracting by manifest.
101 silly tarball no local data for babel-plugin-polyfill-corejs3@https://registry.npmmirror.com/babel-plugin-polyfill-corejs3/-/babel-plugin-polyfill-corejs3-0.10.4.tgz. Extracting by manifest.
102 silly tarball no local data for babel-plugin-polyfill-corejs2@https://registry.npmmirror.com/babel-plugin-polyfill-corejs2/-/babel-plugin-polyfill-corejs2-0.4.11.tgz. Extracting by manifest.
103 silly tarball no local data for ansi-styles@https://registry.npmmirror.com/ansi-styles/-/ansi-styles-3.2.1.tgz. Extracting by manifest.
104 silly tarball no local data for @jridgewell/trace-mapping@https://registry.npmmirror.com/@jridgewell/trace-mapping/-/trace-mapping-0.3.25.tgz. Extracting by manifest.
105 silly tarball no local data for @jridgewell/sourcemap-codec@https://registry.npmmirror.com/@jridgewell/sourcemap-codec/-/sourcemap-codec-1.4.15.tgz. Extracting by manifest.
106 silly tarball no local data for @jridgewell/set-array@https://registry.npmmirror.com/@jridgewell/set-array/-/set-array-1.2.1.tgz. Extracting by manifest.
107 silly tarball no local data for @jridgewell/resolve-uri@https://registry.npmmirror.com/@jridgewell/resolve-uri/-/resolve-uri-3.1.2.tgz. Extracting by manifest.
108 silly tarball no local data for @jridgewell/gen-mapping@https://registry.npmmirror.com/@jridgewell/gen-mapping/-/gen-mapping-0.3.5.tgz. Extracting by manifest.
109 silly tarball no local data for @babel/types@https://registry.npmmirror.com/@babel/types/-/types-7.24.7.tgz. Extracting by manifest.
110 silly tarball no local data for @babel/template@https://registry.npmmirror.com/@babel/template/-/template-7.24.7.tgz. Extracting by manifest.
111 silly tarball no local data for @babel/traverse@https://registry.npmmirror.com/@babel/traverse/-/traverse-7.24.7.tgz. Extracting by manifest.
112 silly tarball no local data for @babel/runtime@https://registry.npmmirror.com/@babel/runtime/-/runtime-7.24.7.tgz. Extracting by manifest.
113 silly tarball no local data for @babel/regjsgen@https://registry.npmmirror.com/@babel/regjsgen/-/regjsgen-0.8.0.tgz. Extracting by manifest.
114 silly tarball no local data for @babel/preset-modules@https://registry.npmmirror.com/@babel/preset-modules/-/preset-modules-0.1.6-no-external-plugins.tgz. Extracting by manifest.
115 silly tarball no local data for @babel/preset-env@https://registry.npmmirror.com/@babel/preset-env/-/preset-env-7.24.7.tgz. Extracting by manifest.
116 silly tarball no local data for @babel/plugin-transform-unicode-sets-regex@https://registry.npmmirror.com/@babel/plugin-transform-unicode-sets-regex/-/plugin-transform-unicode-sets-regex-7.24.7.tgz. Extracting by manifest.
117 silly tarball no local data for @babel/plugin-transform-unicode-regex@https://registry.npmmirror.com/@babel/plugin-transform-unicode-regex/-/plugin-transform-unicode-regex-7.24.7.tgz. Extracting by manifest.
118 silly tarball no local data for @babel/plugin-transform-unicode-property-regex@https://registry.npmmirror.com/@babel/plugin-transform-unicode-property-regex/-/plugin-transform-unicode-property-regex-7.24.7.tgz. Extracting by manifest.
119 silly tarball no local data for @babel/plugin-transform-unicode-escapes@https://registry.npmmirror.com/@babel/plugin-transform-unicode-escapes/-/plugin-transform-unicode-escapes-7.24.7.tgz. Extracting by manifest.
120 silly tarball no local data for @babel/plugin-transform-typeof-symbol@https://registry.npmmirror.com/@babel/plugin-transform-typeof-symbol/-/plugin-transform-typeof-symbol-7.24.7.tgz. Extracting by manifest.
121 silly tarball no local data for @babel/plugin-transform-sticky-regex@https://registry.npmmirror.com/@babel/plugin-transform-sticky-regex/-/plugin-transform-sticky-regex-7.24.7.tgz. Extracting by manifest.
122 silly tarball no local data for @babel/plugin-transform-template-literals@https://registry.npmmirror.com/@babel/plugin-transform-template-literals/-/plugin-transform-template-literals-7.24.7.tgz. Extracting by manifest.
123 silly tarball no local data for @babel/plugin-transform-spread@https://registry.npmmirror.com/@babel/plugin-transform-spread/-/plugin-transform-spread-7.24.7.tgz. Extracting by manifest.
124 silly tarball no local data for @babel/plugin-transform-shorthand-properties@https://registry.npmmirror.com/@babel/plugin-transform-shorthand-properties/-/plugin-transform-shorthand-properties-7.24.7.tgz. Extracting by manifest.
125 silly tarball no local data for @babel/plugin-transform-regenerator@https://registry.npmmirror.com/@babel/plugin-transform-regenerator/-/plugin-transform-regenerator-7.24.7.tgz. Extracting by manifest.
126 silly tarball no local data for @babel/plugin-transform-reserved-words@https://registry.npmmirror.com/@babel/plugin-transform-reserved-words/-/plugin-transform-reserved-words-7.24.7.tgz. Extracting by manifest.
127 silly tarball no local data for @babel/plugin-transform-property-literals@https://registry.npmmirror.com/@babel/plugin-transform-property-literals/-/plugin-transform-property-literals-7.24.7.tgz. Extracting by manifest.
128 silly tarball no local data for @babel/plugin-transform-private-property-in-object@https://registry.npmmirror.com/@babel/plugin-transform-private-property-in-object/-/plugin-transform-private-property-in-object-7.24.7.tgz. Extracting by manifest.
129 silly tarball no local data for @babel/plugin-transform-private-methods@https://registry.npmmirror.com/@babel/plugin-transform-private-methods/-/plugin-transform-private-methods-7.24.7.tgz. Extracting by manifest.
130 silly tarball no local data for @babel/plugin-transform-parameters@https://registry.npmmirror.com/@babel/plugin-transform-parameters/-/plugin-transform-parameters-7.24.7.tgz. Extracting by manifest.
131 silly tarball no local data for @babel/plugin-transform-optional-chaining@https://registry.npmmirror.com/@babel/plugin-transform-optional-chaining/-/plugin-transform-optional-chaining-7.24.7.tgz. Extracting by manifest.
132 silly tarball no local data for @babel/plugin-transform-object-super@https://registry.npmmirror.com/@babel/plugin-transform-object-super/-/plugin-transform-object-super-7.24.7.tgz. Extracting by manifest.
133 silly tarball no local data for @babel/plugin-transform-object-rest-spread@https://registry.npmmirror.com/@babel/plugin-transform-object-rest-spread/-/plugin-transform-object-rest-spread-7.24.7.tgz. Extracting by manifest.
134 silly tarball no local data for @babel/plugin-transform-optional-catch-binding@https://registry.npmmirror.com/@babel/plugin-transform-optional-catch-binding/-/plugin-transform-optional-catch-binding-7.24.7.tgz. Extracting by manifest.
135 silly tarball no local data for @babel/plugin-transform-numeric-separator@https://registry.npmmirror.com/@babel/plugin-transform-numeric-separator/-/plugin-transform-numeric-separator-7.24.7.tgz. Extracting by manifest.
136 silly tarball no local data for @babel/plugin-transform-new-target@https://registry.npmmirror.com/@babel/plugin-transform-new-target/-/plugin-transform-new-target-7.24.7.tgz. Extracting by manifest.
137 silly tarball no local data for @babel/plugin-transform-nullish-coalescing-operator@https://registry.npmmirror.com/@babel/plugin-transform-nullish-coalescing-operator/-/plugin-transform-nullish-coalescing-operator-7.24.7.tgz. Extracting by manifest.
138 silly tarball no local data for @babel/plugin-transform-modules-umd@https://registry.npmmirror.com/@babel/plugin-transform-modules-umd/-/plugin-transform-modules-umd-7.24.7.tgz. Extracting by manifest.
139 silly tarball no local data for @babel/plugin-transform-modules-systemjs@https://registry.npmmirror.com/@babel/plugin-transform-modules-systemjs/-/plugin-transform-modules-systemjs-7.24.7.tgz. Extracting by manifest.
140 silly tarball no local data for @babel/plugin-transform-modules-amd@https://registry.npmmirror.com/@babel/plugin-transform-modules-amd/-/plugin-transform-modules-amd-7.24.7.tgz. Extracting by manifest.
141 silly tarball no local data for @babel/plugin-transform-named-capturing-groups-regex@https://registry.npmmirror.com/@babel/plugin-transform-named-capturing-groups-regex/-/plugin-transform-named-capturing-groups-regex-7.24.7.tgz. Extracting by manifest.
142 silly tarball no local data for @babel/plugin-transform-modules-commonjs@https://registry.npmmirror.com/@babel/plugin-transform-modules-commonjs/-/plugin-transform-modules-commonjs-7.24.7.tgz. Extracting by manifest.
143 silly tarball no local data for @babel/plugin-transform-member-expression-literals@https://registry.npmmirror.com/@babel/plugin-transform-member-expression-literals/-/plugin-transform-member-expression-literals-7.24.7.tgz. Extracting by manifest.
144 silly tarball no local data for @babel/plugin-transform-logical-assignment-operators@https://registry.npmmirror.com/@babel/plugin-transform-logical-assignment-operators/-/plugin-transform-logical-assignment-operators-7.24.7.tgz. Extracting by manifest.
145 silly tarball no local data for @babel/plugin-transform-json-strings@https://registry.npmmirror.com/@babel/plugin-transform-json-strings/-/plugin-transform-json-strings-7.24.7.tgz. Extracting by manifest.
146 silly tarball no local data for @babel/plugin-transform-function-name@https://registry.npmmirror.com/@babel/plugin-transform-function-name/-/plugin-transform-function-name-7.24.7.tgz. Extracting by manifest.
147 silly tarball no local data for @babel/plugin-transform-for-of@https://registry.npmmirror.com/@babel/plugin-transform-for-of/-/plugin-transform-for-of-7.24.7.tgz. Extracting by manifest.
148 silly tarball no local data for @babel/plugin-transform-literals@https://registry.npmmirror.com/@babel/plugin-transform-literals/-/plugin-transform-literals-7.24.7.tgz. Extracting by manifest.
149 silly tarball no local data for @babel/plugin-transform-export-namespace-from@https://registry.npmmirror.com/@babel/plugin-transform-export-namespace-from/-/plugin-transform-export-namespace-from-7.24.7.tgz. Extracting by manifest.
150 silly tarball no local data for @babel/plugin-transform-exponentiation-operator@https://registry.npmmirror.com/@babel/plugin-transform-exponentiation-operator/-/plugin-transform-exponentiation-operator-7.24.7.tgz. Extracting by manifest.
151 silly tarball no local data for @babel/plugin-transform-duplicate-keys@https://registry.npmmirror.com/@babel/plugin-transform-duplicate-keys/-/plugin-transform-duplicate-keys-7.24.7.tgz. Extracting by manifest.
152 silly tarball no local data for @babel/plugin-transform-dotall-regex@https://registry.npmmirror.com/@babel/plugin-transform-dotall-regex/-/plugin-transform-dotall-regex-7.24.7.tgz. Extracting by manifest.
153 silly tarball no local data for @babel/plugin-transform-dynamic-import@https://registry.npmmirror.com/@babel/plugin-transform-dynamic-import/-/plugin-transform-dynamic-import-7.24.7.tgz. Extracting by manifest.
154 silly tarball no local data for @babel/plugin-transform-destructuring@https://registry.npmmirror.com/@babel/plugin-transform-destructuring/-/plugin-transform-destructuring-7.24.7.tgz. Extracting by manifest.
155 silly tarball no local data for @babel/plugin-transform-computed-properties@https://registry.npmmirror.com/@babel/plugin-transform-computed-properties/-/plugin-transform-computed-properties-7.24.7.tgz. Extracting by manifest.
156 silly tarball no local data for @babel/plugin-transform-classes@https://registry.npmmirror.com/@babel/plugin-transform-classes/-/plugin-transform-classes-7.24.7.tgz. Extracting by manifest.
157 silly tarball no local data for @babel/plugin-transform-class-static-block@https://registry.npmmirror.com/@babel/plugin-transform-class-static-block/-/plugin-transform-class-static-block-7.24.7.tgz. Extracting by manifest.
158 silly tarball no local data for @babel/plugin-transform-class-properties@https://registry.npmmirror.com/@babel/plugin-transform-class-properties/-/plugin-transform-class-properties-7.24.7.tgz. Extracting by manifest.
159 silly tarball no local data for @babel/plugin-transform-block-scoping@https://registry.npmmirror.com/@babel/plugin-transform-block-scoping/-/plugin-transform-block-scoping-7.24.7.tgz. Extracting by manifest.
160 silly tarball no local data for @babel/plugin-transform-async-to-generator@https://registry.npmmirror.com/@babel/plugin-transform-async-to-generator/-/plugin-transform-async-to-generator-7.24.7.tgz. Extracting by manifest.
161 silly tarball no local data for @babel/plugin-transform-block-scoped-functions@https://registry.npmmirror.com/@babel/plugin-transform-block-scoped-functions/-/plugin-transform-block-scoped-functions-7.24.7.tgz. Extracting by manifest.
162 silly tarball no local data for @babel/plugin-transform-async-generator-functions@https://registry.npmmirror.com/@babel/plugin-transform-async-generator-functions/-/plugin-transform-async-generator-functions-7.24.7.tgz. Extracting by manifest.
163 silly tarball no local data for @babel/plugin-transform-arrow-functions@https://registry.npmmirror.com/@babel/plugin-transform-arrow-functions/-/plugin-transform-arrow-functions-7.24.7.tgz. Extracting by manifest.
164 silly tarball no local data for @babel/plugin-syntax-unicode-sets-regex@https://registry.npmmirror.com/@babel/plugin-syntax-unicode-sets-regex/-/plugin-syntax-unicode-sets-regex-7.18.6.tgz. Extracting by manifest.
165 silly tarball no local data for @babel/plugin-syntax-top-level-await@https://registry.npmmirror.com/@babel/plugin-syntax-top-level-await/-/plugin-syntax-top-level-await-7.14.5.tgz. Extracting by manifest.
166 silly tarball no local data for @babel/plugin-syntax-private-property-in-object@https://registry.npmmirror.com/@babel/plugin-syntax-private-property-in-object/-/plugin-syntax-private-property-in-object-7.14.5.tgz. Extracting by manifest.
167 silly tarball no local data for @babel/plugin-syntax-optional-chaining@https://registry.npmmirror.com/@babel/plugin-syntax-optional-chaining/-/plugin-syntax-optional-chaining-7.8.3.tgz. Extracting by manifest.
168 silly tarball no local data for @babel/plugin-syntax-optional-catch-binding@https://registry.npmmirror.com/@babel/plugin-syntax-optional-catch-binding/-/plugin-syntax-optional-catch-binding-7.8.3.tgz. Extracting by manifest.
169 silly tarball no local data for @babel/plugin-syntax-object-rest-spread@https://registry.npmmirror.com/@babel/plugin-syntax-object-rest-spread/-/plugin-syntax-object-rest-spread-7.8.3.tgz. Extracting by manifest.
170 silly tarball no local data for @babel/plugin-syntax-numeric-separator@https://registry.npmmirror.com/@babel/plugin-syntax-numeric-separator/-/plugin-syntax-numeric-separator-7.10.4.tgz. Extracting by manifest.
171 silly tarball no local data for @babel/plugin-syntax-nullish-coalescing-operator@https://registry.npmmirror.com/@babel/plugin-syntax-nullish-coalescing-operator/-/plugin-syntax-nullish-coalescing-operator-7.8.3.tgz. Extracting by manifest.
172 silly tarball no local data for @babel/plugin-syntax-logical-assignment-operators@https://registry.npmmirror.com/@babel/plugin-syntax-logical-assignment-operators/-/plugin-syntax-logical-assignment-operators-7.10.4.tgz. Extracting by manifest.
173 silly tarball no local data for @babel/plugin-syntax-json-strings@https://registry.npmmirror.com/@babel/plugin-syntax-json-strings/-/plugin-syntax-json-strings-7.8.3.tgz. Extracting by manifest.
174 silly tarball no local data for @babel/plugin-syntax-import-meta@https://registry.npmmirror.com/@babel/plugin-syntax-import-meta/-/plugin-syntax-import-meta-7.10.4.tgz. Extracting by manifest.
175 silly tarball no local data for @babel/plugin-syntax-import-attributes@https://registry.npmmirror.com/@babel/plugin-syntax-import-attributes/-/plugin-syntax-import-attributes-7.24.7.tgz. Extracting by manifest.
176 silly tarball no local data for @babel/plugin-syntax-import-assertions@https://registry.npmmirror.com/@babel/plugin-syntax-import-assertions/-/plugin-syntax-import-assertions-7.24.7.tgz. Extracting by manifest.
177 silly tarball no local data for @babel/plugin-syntax-export-namespace-from@https://registry.npmmirror.com/@babel/plugin-syntax-export-namespace-from/-/plugin-syntax-export-namespace-from-7.8.3.tgz. Extracting by manifest.
178 silly tarball no local data for @babel/plugin-syntax-dynamic-import@https://registry.npmmirror.com/@babel/plugin-syntax-dynamic-import/-/plugin-syntax-dynamic-import-7.8.3.tgz. Extracting by manifest.
179 silly tarball no local data for @babel/plugin-syntax-class-properties@https://registry.npmmirror.com/@babel/plugin-syntax-class-properties/-/plugin-syntax-class-properties-7.12.13.tgz. Extracting by manifest.
180 silly tarball no local data for @babel/plugin-syntax-class-static-block@https://registry.npmmirror.com/@babel/plugin-syntax-class-static-block/-/plugin-syntax-class-static-block-7.14.5.tgz. Extracting by manifest.
181 silly tarball no local data for @babel/plugin-syntax-async-generators@https://registry.npmmirror.com/@babel/plugin-syntax-async-generators/-/plugin-syntax-async-generators-7.8.4.tgz. Extracting by manifest.
182 silly tarball no local data for @babel/plugin-proposal-private-property-in-object@https://registry.npmmirror.com/@babel/plugin-proposal-private-property-in-object/-/plugin-proposal-private-property-in-object-7.21.0-placeholder-for-preset-env.2.tgz. Extracting by manifest.
183 silly tarball no local data for @babel/plugin-bugfix-v8-static-class-fields-redefine-readonly@https://registry.npmmirror.com/@babel/plugin-bugfix-v8-static-class-fields-redefine-readonly/-/plugin-bugfix-v8-static-class-fields-redefine-readonly-7.24.7.tgz. Extracting by manifest.
184 silly tarball no local data for @babel/plugin-bugfix-v8-spread-parameters-in-optional-chaining@https://registry.npmmirror.com/@babel/plugin-bugfix-v8-spread-parameters-in-optional-chaining/-/plugin-bugfix-v8-spread-parameters-in-optional-chaining-7.24.7.tgz. Extracting by manifest.
185 silly tarball no local data for @babel/plugin-bugfix-safari-id-destructuring-collision-in-function-expression@https://registry.npmmirror.com/@babel/plugin-bugfix-safari-id-destructuring-collision-in-function-expression/-/plugin-bugfix-safari-id-destructuring-collision-in-function-expression-7.24.7.tgz. Extracting by manifest.
186 silly tarball no local data for @babel/parser@https://registry.npmmirror.com/@babel/parser/-/parser-7.24.7.tgz. Extracting by manifest.
187 silly tarball no local data for @babel/plugin-bugfix-firefox-class-in-computed-class-key@https://registry.npmmirror.com/@babel/plugin-bugfix-firefox-class-in-computed-class-key/-/plugin-bugfix-firefox-class-in-computed-class-key-7.24.7.tgz. Extracting by manifest.
188 silly tarball no local data for @babel/highlight@https://registry.npmmirror.com/@babel/highlight/-/highlight-7.24.7.tgz. Extracting by manifest.
189 silly tarball no local data for @babel/helper-wrap-function@https://registry.npmmirror.com/@babel/helper-wrap-function/-/helper-wrap-function-7.24.7.tgz. Extracting by manifest.
190 silly tarball no local data for @babel/helpers@https://registry.npmmirror.com/@babel/helpers/-/helpers-7.24.7.tgz. Extracting by manifest.
191 silly tarball no local data for @babel/helper-validator-option@https://registry.npmmirror.com/@babel/helper-validator-option/-/helper-validator-option-7.24.7.tgz. Extracting by manifest.
192 silly tarball no local data for @babel/helper-validator-identifier@https://registry.npmmirror.com/@babel/helper-validator-identifier/-/helper-validator-identifier-7.24.7.tgz. Extracting by manifest.
193 silly tarball no local data for @babel/helper-split-export-declaration@https://registry.npmmirror.com/@babel/helper-split-export-declaration/-/helper-split-export-declaration-7.24.7.tgz. Extracting by manifest.
194 silly tarball no local data for @babel/helper-skip-transparent-expression-wrappers@https://registry.npmmirror.com/@babel/helper-skip-transparent-expression-wrappers/-/helper-skip-transparent-expression-wrappers-7.24.7.tgz. Extracting by manifest.
195 silly tarball no local data for @babel/helper-simple-access@https://registry.npmmirror.com/@babel/helper-simple-access/-/helper-simple-access-7.24.7.tgz. Extracting by manifest.
196 silly tarball no local data for @babel/helper-replace-supers@https://registry.npmmirror.com/@babel/helper-replace-supers/-/helper-replace-supers-7.24.7.tgz. Extracting by manifest.
197 silly tarball no local data for @babel/helper-remap-async-to-generator@https://registry.npmmirror.com/@babel/helper-remap-async-to-generator/-/helper-remap-async-to-generator-7.24.7.tgz. Extracting by manifest.
198 silly tarball no local data for @babel/helper-plugin-utils@https://registry.npmmirror.com/@babel/helper-plugin-utils/-/helper-plugin-utils-7.24.7.tgz. Extracting by manifest.
199 silly tarball no local data for @babel/helper-optimise-call-expression@https://registry.npmmirror.com/@babel/helper-optimise-call-expression/-/helper-optimise-call-expression-7.24.7.tgz. Extracting by manifest.
200 silly tarball no local data for @babel/helper-module-transforms@https://registry.npmmirror.com/@babel/helper-module-transforms/-/helper-module-transforms-7.24.7.tgz. Extracting by manifest.
201 silly tarball no local data for @babel/helper-module-imports@https://registry.npmmirror.com/@babel/helper-module-imports/-/helper-module-imports-7.24.7.tgz. Extracting by manifest.
202 silly tarball no local data for @babel/helper-hoist-variables@https://registry.npmmirror.com/@babel/helper-hoist-variables/-/helper-hoist-variables-7.24.7.tgz. Extracting by manifest.
203 silly tarball no local data for @babel/helper-member-expression-to-functions@https://registry.npmmirror.com/@babel/helper-member-expression-to-functions/-/helper-member-expression-to-functions-7.24.7.tgz. Extracting by manifest.
204 silly tarball no local data for @babel/helper-function-name@https://registry.npmmirror.com/@babel/helper-function-name/-/helper-function-name-7.24.7.tgz. Extracting by manifest.
205 silly tarball no local data for @babel/helper-environment-visitor@https://registry.npmmirror.com/@babel/helper-environment-visitor/-/helper-environment-visitor-7.24.7.tgz. Extracting by manifest.
206 silly tarball no local data for @babel/helper-define-polyfill-provider@https://registry.npmmirror.com/@babel/helper-define-polyfill-provider/-/helper-define-polyfill-provider-0.6.2.tgz. Extracting by manifest.
207 silly tarball no local data for @babel/helper-create-class-features-plugin@https://registry.npmmirror.com/@babel/helper-create-class-features-plugin/-/helper-create-class-features-plugin-7.24.7.tgz. Extracting by manifest.
208 silly tarball no local data for @babel/helper-string-parser@https://registry.npmmirror.com/@babel/helper-string-parser/-/helper-string-parser-7.24.7.tgz. Extracting by manifest.
209 silly tarball no local data for @babel/helper-compilation-targets@https://registry.npmmirror.com/@babel/helper-compilation-targets/-/helper-compilation-targets-7.24.7.tgz. Extracting by manifest.
210 silly tarball no local data for @babel/helper-create-regexp-features-plugin@https://registry.npmmirror.com/@babel/helper-create-regexp-features-plugin/-/helper-create-regexp-features-plugin-7.24.7.tgz. Extracting by manifest.
211 silly tarball no local data for @babel/helper-builder-binary-assignment-operator-visitor@https://registry.npmmirror.com/@babel/helper-builder-binary-assignment-operator-visitor/-/helper-builder-binary-assignment-operator-visitor-7.24.7.tgz. Extracting by manifest.
212 silly tarball no local data for @babel/generator@https://registry.npmmirror.com/@babel/generator/-/generator-7.24.7.tgz. Extracting by manifest.
213 silly tarball no local data for @babel/helper-annotate-as-pure@https://registry.npmmirror.com/@babel/helper-annotate-as-pure/-/helper-annotate-as-pure-7.24.7.tgz. Extracting by manifest.
214 http fetch POST 404 https://registry.npmmirror.com/-/npm/v1/security/audits/quick 186ms
215 verbose audit error HttpErrorGeneral: 404 Not Found - POST https://registry.npmmirror.com/-/npm/v1/security/audits/quick - [NOT_IMPLEMENTED] /-/npm/v1/security/* not implemented yet
215 verbose audit error     at F:\nvm\nvm\v20.11.1\node_modules\npm\node_modules\npm-registry-fetch\lib\check-response.js:95:15
215 verbose audit error     at process.processTicksAndRejections (node:internal/process/task_queues:95:5)
215 verbose audit error     at async [getReport] (F:\nvm\nvm\v20.11.1\node_modules\npm\node_modules\@npmcli\arborist\lib\audit-report.js:335:21)
215 verbose audit error     at async AuditReport.run (F:\nvm\nvm\v20.11.1\node_modules\npm\node_modules\@npmcli\arborist\lib\audit-report.js:106:19) {
215 verbose audit error   headers: [Object: null prototype] {
215 verbose audit error     server: [ 'Tengine' ],
215 verbose audit error     date: [ 'Mon, 01 Jul 2024 07:30:07 GMT' ],
215 verbose audit error     'content-type': [ 'application/json' ],
215 verbose audit error     'transfer-encoding': [ 'chunked' ],
215 verbose audit error     connection: [ 'keep-alive' ],
215 verbose audit error     'strict-transport-security': [ 'max-age=5184000' ],
215 verbose audit error     via: [ 'kunlun16.cn5864[,404666]' ],
215 verbose audit error     'timing-allow-origin': [ '*' ],
215 verbose audit error     eagleid: [ 'b6284e9217198190070763073e' ],
215 verbose audit error     'x-fetch-attempts': [ '1' ]
215 verbose audit error   },
215 verbose audit error   statusCode: 404,
215 verbose audit error   code: 'E404',
215 verbose audit error   method: 'POST',
215 verbose audit error   uri: 'https://registry.npmmirror.com/-/npm/v1/security/audits/quick',
215 verbose audit error   body: {
215 verbose audit error     error: '[NOT_IMPLEMENTED] /-/npm/v1/security/* not implemented yet'
215 verbose audit error   },
215 verbose audit error   pkgid: undefined
215 verbose audit error }
216 silly audit error [object Object]
217 timing auditReport:getReport Completed in 362ms
218 silly audit report null
219 timing reify:audit Completed in 362ms
220 silly tarball no local data for @babel/core@https://registry.npmmirror.com/@babel/core/-/core-7.24.7.tgz. Extracting by manifest.
221 silly tarball no local data for @babel/compat-data@https://registry.npmmirror.com/@babel/compat-data/-/compat-data-7.24.7.tgz. Extracting by manifest.
222 silly tarball no local data for @babel/code-frame@https://registry.npmmirror.com/@babel/code-frame/-/code-frame-7.24.7.tgz. Extracting by manifest.
223 silly tarball no local data for jsesc@https://registry.npmmirror.com/jsesc/-/jsesc-0.5.0.tgz. Extracting by manifest.
224 silly tarball no local data for @ampproject/remapping@https://registry.npmmirror.com/@ampproject/remapping/-/remapping-2.3.0.tgz. Extracting by manifest.
225 http fetch GET 200 https://registry.npmmirror.com/npm 1042ms (cache miss)
226 http fetch GET 200 https://cdn.npmmirror.com/packages/yallist/3.1.1/yallist-3.1.1.tgz 1361ms (cache miss)
227 timing reifyNode:node_modules/yallist Completed in 1555ms
228 http fetch GET 200 https://cdn.npmmirror.com/packages/%40babel/plugin-syntax-optional-chaining/7.8.3/plugin-syntax-optional-chaining-7.8.3.tgz 3395ms (cache miss)
229 http fetch GET 200 https://cdn.npmmirror.com/packages/babel-plugin-polyfill-regenerator/0.6.2/babel-plugin-polyfill-regenerator-0.6.2.tgz 3464ms (cache miss)
230 http fetch GET 200 https://cdn.npmmirror.com/packages/%40babel/helper-string-parser/7.24.7/helper-string-parser-7.24.7.tgz 3357ms (cache miss)
231 http fetch GET 200 https://cdn.npmmirror.com/packages/jsesc/0.5.0/jsesc-0.5.0.tgz 3346ms (cache miss)
232 http fetch GET 200 https://cdn.npmmirror.com/packages/%40babel/plugin-syntax-unicode-sets-regex/7.18.6/plugin-syntax-unicode-sets-regex-7.18.6.tgz 3445ms (cache miss)
233 http fetch GET 200 https://cdn.npmmirror.com/packages/%40babel/plugin-syntax-export-namespace-from/7.8.3/plugin-syntax-export-namespace-from-7.8.3.tgz 3436ms (cache miss)
234 http fetch GET 200 https://cdn.npmmirror.com/packages/%40babel/helper-validator-option/7.24.7/helper-validator-option-7.24.7.tgz 3440ms (cache miss)
235 http fetch GET 200 https://cdn.npmmirror.com/packages/js-tokens/4.0.0/js-tokens-4.0.0.tgz 3560ms (cache miss)
236 http fetch GET 200 https://cdn.npmmirror.com/packages/to-fast-properties/2.0.0/to-fast-properties-2.0.0.tgz 3584ms (cache miss)
237 timing reifyNode:node_modules/to-fast-properties Completed in 3779ms
238 http fetch GET 200 https://cdn.npmmirror.com/packages/%40jridgewell/set-array/1.2.1/set-array-1.2.1.tgz 3539ms (cache miss)
239 http fetch GET 200 https://cdn.npmmirror.com/packages/estree-walker/0.6.1/estree-walker-0.6.1.tgz 3558ms (cache miss)
240 http fetch GET 200 https://cdn.npmmirror.com/packages/unicode-match-property-value-ecmascript/2.1.0/unicode-match-property-value-ecmascript-2.1.0.tgz 3590ms (cache miss)
241 http fetch GET 200 https://cdn.npmmirror.com/packages/%40babel/plugin-syntax-async-generators/7.8.4/plugin-syntax-async-generators-7.8.4.tgz 3471ms (cache miss)
242 timing reifyNode:node_modules/@babel/plugin-syntax-async-generators Completed in 3773ms
243 http fetch GET 200 https://cdn.npmmirror.com/packages/%40babel/plugin-syntax-logical-assignment-operators/7.10.4/plugin-syntax-logical-assignment-operators-7.10.4.tgz 3480ms (cache miss)
244 timing reifyNode:node_modules/@babel/plugin-syntax-logical-assignment-operators Completed in 3775ms
245 http fetch GET 200 https://cdn.npmmirror.com/packages/unicode-canonical-property-names-ecmascript/2.0.0/unicode-canonical-property-names-ecmascript-2.0.0.tgz 3591ms (cache miss)
246 timing reifyNode:node_modules/unicode-canonical-property-names-ecmascript Completed in 3785ms
247 http fetch GET 200 https://cdn.npmmirror.com/packages/function-bind/1.1.2/function-bind-1.1.2.tgz 3567ms (cache miss)
248 http fetch GET 200 https://cdn.npmmirror.com/packages/gensync/1.0.0-beta.2/gensync-1.0.0-beta.2.tgz 3568ms (cache miss)
249 http fetch GET 200 https://cdn.npmmirror.com/packages/%40babel/plugin-syntax-dynamic-import/7.8.3/plugin-syntax-dynamic-import-7.8.3.tgz 3481ms (cache miss)
250 timing reifyNode:node_modules/@babel/plugin-syntax-dynamic-import Completed in 3781ms
251 http fetch GET 200 https://cdn.npmmirror.com/packages/unicode-property-aliases-ecmascript/2.1.0/unicode-property-aliases-ecmascript-2.1.0.tgz 3601ms (cache miss)
252 timing reifyNode:node_modules/unicode-property-aliases-ecmascript Completed in 3793ms
253 http fetch GET 200 https://cdn.npmmirror.com/packages/escape-string-regexp/1.0.5/escape-string-regexp-1.0.5.tgz 3571ms (cache miss)
254 timing reifyNode:node_modules/escape-string-regexp Completed in 3792ms
255 http fetch GET 200 https://cdn.npmmirror.com/packages/lru-cache/5.1.1/lru-cache-5.1.1.tgz 3585ms (cache miss)
256 timing reifyNode:node_modules/lru-cache Completed in 3793ms
257 http fetch GET 200 https://cdn.npmmirror.com/packages/color-convert/1.9.3/color-convert-1.9.3.tgz 3563ms (cache miss)
258 http fetch GET 200 https://cdn.npmmirror.com/packages/supports-preserve-symlinks-flag/1.0.0/supports-preserve-symlinks-flag-1.0.0.tgz 3602ms (cache miss)
259 http fetch GET 200 https://cdn.npmmirror.com/packages/%40babel/helper-split-export-declaration/7.24.7/helper-split-export-declaration-7.24.7.tgz 3466ms (cache miss)
260 http fetch GET 200 https://cdn.npmmirror.com/packages/globals/11.12.0/globals-11.12.0.tgz 3580ms (cache miss)
261 http fetch GET 200 https://cdn.npmmirror.com/packages/%40babel/plugin-syntax-json-strings/7.8.3/plugin-syntax-json-strings-7.8.3.tgz 3495ms (cache miss)
262 timing reifyNode:node_modules/@babel/plugin-syntax-json-strings Completed in 3790ms
263 http fetch GET 200 https://cdn.npmmirror.com/packages/%40babel/plugin-syntax-optional-catch-binding/7.8.3/plugin-syntax-optional-catch-binding-7.8.3.tgz 3500ms (cache miss)
264 timing reifyNode:node_modules/@babel/plugin-syntax-optional-catch-binding Completed in 3791ms
265 http fetch GET 200 https://cdn.npmmirror.com/packages/escalade/3.1.2/escalade-3.1.2.tgz 3576ms (cache miss)
266 http fetch GET 200 https://cdn.npmmirror.com/packages/hasown/2.0.2/hasown-2.0.2.tgz 3585ms (cache miss)
267 http fetch GET 200 https://cdn.npmmirror.com/packages/ansi-styles/3.2.1/ansi-styles-3.2.1.tgz 3563ms (cache miss)
268 timing reifyNode:node_modules/ansi-styles Completed in 3798ms
269 http fetch GET 200 https://cdn.npmmirror.com/packages/is-core-module/2.13.1/is-core-module-2.13.1.tgz 3589ms (cache miss)
270 http fetch GET 200 https://cdn.npmmirror.com/packages/node-releases/2.0.14/node-releases-2.0.14.tgz 3600ms (cache miss)
271 http fetch GET 200 https://cdn.npmmirror.com/packages/%40babel/code-frame/7.24.7/code-frame-7.24.7.tgz 3451ms (cache miss)
272 http fetch GET 200 https://cdn.npmmirror.com/packages/regenerate/1.4.2/regenerate-1.4.2.tgz 3605ms (cache miss)
273 http fetch GET 200 https://cdn.npmmirror.com/packages/%40babel/helper-environment-visitor/7.24.7/helper-environment-visitor-7.24.7.tgz 3466ms (cache miss)
274 http fetch GET 200 https://cdn.npmmirror.com/packages/rollup-plugin-babel/4.4.0/rollup-plugin-babel-4.4.0.tgz 3612ms (cache miss)
275 http fetch GET 200 https://cdn.npmmirror.com/packages/regenerator-runtime/0.14.1/regenerator-runtime-0.14.1.tgz 3616ms (cache miss)
276 http fetch GET 200 https://cdn.npmmirror.com/packages/%40babel/preset-modules/0.1.6-no-external-plugins/preset-modules-0.1.6-no-external-plugins.tgz 3570ms (cache miss)
277 http fetch GET 200 https://cdn.npmmirror.com/packages/jsesc/2.5.2/jsesc-2.5.2.tgz 3611ms (cache miss)
278 http fetch GET 200 https://cdn.npmmirror.com/packages/has-flag/3.0.0/has-flag-3.0.0.tgz 3607ms (cache miss)
279 timing reifyNode:node_modules/has-flag Completed in 3822ms
280 http fetch GET 200 https://cdn.npmmirror.com/packages/%40jridgewell/gen-mapping/0.3.5/gen-mapping-0.3.5.tgz 3582ms (cache miss)
281 http fetch GET 200 https://cdn.npmmirror.com/packages/%40babel/plugin-syntax-class-properties/7.12.13/plugin-syntax-class-properties-7.12.13.tgz 3517ms (cache miss)
282 timing reifyNode:node_modules/@babel/plugin-syntax-class-properties Completed in 3816ms
283 http fetch GET 200 https://cdn.npmmirror.com/packages/color-name/1.1.3/color-name-1.1.3.tgz 3597ms (cache miss)
284 http fetch GET 200 https://cdn.npmmirror.com/packages/%40babel/regjsgen/0.8.0/regjsgen-0.8.0.tgz 3583ms (cache miss)
285 timing reifyNode:node_modules/@babel/regjsgen Completed in 3826ms
286 timing reifyNode:node_modules/@babel/plugin-syntax-optional-chaining Completed in 3822ms
287 http fetch GET 200 https://cdn.npmmirror.com/packages/%40babel/plugin-syntax-import-meta/7.10.4/plugin-syntax-import-meta-7.10.4.tgz 3537ms (cache miss)
288 timing reifyNode:node_modules/@babel/plugin-syntax-import-meta Completed in 3834ms
289 timing reifyNode:node_modules/@babel/plugin-syntax-export-namespace-from Completed in 4666ms
290 http fetch GET 200 https://cdn.npmmirror.com/packages/chalk/2.4.2/chalk-2.4.2.tgz 4455ms (cache miss)
291 timing reifyNode:node_modules/@babel/plugin-syntax-unicode-sets-regex Completed in 4681ms
292 http fetch GET 200 https://cdn.npmmirror.com/packages/unicode-match-property-ecmascript/2.0.0/unicode-match-property-ecmascript-2.0.0.tgz 4498ms (cache miss)
293 timing reifyNode:node_modules/unicode-match-property-ecmascript Completed in 4693ms
294 http fetch GET 200 https://cdn.npmmirror.com/packages/%40jridgewell/resolve-uri/3.1.2/resolve-uri-3.1.2.tgz 4451ms (cache miss)
295 http fetch GET 200 https://cdn.npmmirror.com/packages/%40babel/highlight/7.24.7/highlight-7.24.7.tgz 4367ms (cache miss)
296 http fetch GET 200 https://cdn.npmmirror.com/packages/picocolors/1.0.1/picocolors-1.0.1.tgz 4500ms (cache miss)
297 http fetch GET 200 https://cdn.npmmirror.com/packages/%40babel/plugin-syntax-numeric-separator/7.10.4/plugin-syntax-numeric-separator-7.10.4.tgz 4407ms (cache miss)
298 timing reifyNode:node_modules/@babel/plugin-syntax-numeric-separator Completed in 4701ms
299 timing reifyNode:node_modules/regenerate Completed in 4709ms
300 http fetch GET 200 https://cdn.npmmirror.com/packages/%40babel/plugin-syntax-top-level-await/7.14.5/plugin-syntax-top-level-await-7.14.5.tgz 4414ms (cache miss)
301 timing reifyNode:node_modules/@babel/plugin-syntax-top-level-await Completed in 4703ms
302 http fetch GET 200 https://cdn.npmmirror.com/packages/%40babel/helper-simple-access/7.24.7/helper-simple-access-7.24.7.tgz 4379ms (cache miss)
303 http fetch GET 200 https://cdn.npmmirror.com/packages/%40babel/plugin-syntax-nullish-coalescing-operator/7.8.3/plugin-syntax-nullish-coalescing-operator-7.8.3.tgz 4412ms (cache miss)
304 timing reifyNode:node_modules/@babel/plugin-syntax-nullish-coalescing-operator Completed in 4706ms
305 http fetch GET 200 https://cdn.npmmirror.com/packages/%40babel/plugin-syntax-private-property-in-object/7.14.5/plugin-syntax-private-property-in-object-7.14.5.tgz 4421ms (cache miss)
306 timing reifyNode:node_modules/@babel/plugin-syntax-private-property-in-object Completed in 4711ms
307 http fetch GET 200 https://cdn.npmmirror.com/packages/%40babel/helper-module-imports/7.24.7/helper-module-imports-7.24.7.tgz 4383ms (cache miss)
308 http fetch GET 200 https://cdn.npmmirror.com/packages/%40babel/plugin-syntax-object-rest-spread/7.8.3/plugin-syntax-object-rest-spread-7.8.3.tgz 4422ms (cache miss)
309 timing reifyNode:node_modules/@babel/plugin-syntax-object-rest-spread Completed in 4714ms
310 http fetch GET 200 https://cdn.npmmirror.com/packages/%40babel/helper-hoist-variables/7.24.7/helper-hoist-variables-7.24.7.tgz 4384ms (cache miss)
311 http fetch GET 200 https://cdn.npmmirror.com/packages/%40babel/compat-data/7.24.7/compat-data-7.24.7.tgz 4370ms (cache miss)
312 http fetch GET 200 https://cdn.npmmirror.com/packages/%40babel/helper-function-name/7.24.7/helper-function-name-7.24.7.tgz 4385ms (cache miss)
313 http fetch GET 200 https://cdn.npmmirror.com/packages/%40babel/helper-compilation-targets/7.24.7/helper-compilation-targets-7.24.7.tgz 4380ms (cache miss)
314 http fetch GET 200 https://cdn.npmmirror.com/packages/supports-color/5.5.0/supports-color-5.5.0.tgz 4533ms (cache miss)
315 http fetch GET 200 https://cdn.npmmirror.com/packages/%40babel/plugin-syntax-class-static-block/7.14.5/plugin-syntax-class-static-block-7.14.5.tgz 4418ms (cache miss)
316 timing reifyNode:node_modules/@babel/plugin-syntax-class-static-block Completed in 4719ms
317 http fetch GET 200 https://cdn.npmmirror.com/packages/lodash.debounce/4.0.8/lodash.debounce-4.0.8.tgz 4521ms (cache miss)
318 timing reifyNode:node_modules/lodash.debounce Completed in 4729ms
319 http fetch GET 200 https://cdn.npmmirror.com/packages/convert-source-map/2.0.0/convert-source-map-2.0.0.tgz 4501ms (cache miss)
320 timing reifyNode:node_modules/convert-source-map Completed in 4729ms
321 http fetch GET 200 https://cdn.npmmirror.com/packages/ms/2.1.2/ms-2.1.2.tgz 4527ms (cache miss)
322 timing reifyNode:node_modules/ms Completed in 4734ms
323 http fetch GET 200 https://cdn.npmmirror.com/packages/%40babel/plugin-proposal-private-property-in-object/7.21.0-placeholder-for-preset-env.2/plugin-proposal-private-property-in-object-7.21.0-placeholder-for-preset-env.2.tgz 4433ms (cache miss)
324 http fetch GET 200 https://cdn.npmmirror.com/packages/update-browserslist-db/1.0.16/update-browserslist-db-1.0.16.tgz 4556ms (cache miss)
325 http fetch GET 200 https://cdn.npmmirror.com/packages/path-parse/1.0.7/path-parse-1.0.7.tgz 4540ms (cache miss)
326 timing reifyNode:node_modules/path-parse Completed in 4745ms
327 timing reifyNode:node_modules/js-tokens Completed in 4745ms
328 timing reifyNode:node_modules/@babel/helper-split-export-declaration Completed in 4738ms
329 timing reifyNode:node_modules/@babel/helper-environment-visitor Completed in 4740ms
330 timing reifyNode:node_modules/regenerator-runtime Completed in 4754ms
331 timing reifyNode:node_modules/supports-color Completed in 4763ms
332 timing reifyNode:node_modules/unicode-match-property-value-ecmascript Completed in 4771ms
333 timing reifyNode:node_modules/@babel/highlight Completed in 4764ms
334 timing reifyNode:node_modules/globals Completed in 4778ms
335 timing reifyNode:node_modules/@babel/code-frame Completed in 4769ms
336 timing reifyNode:node_modules/@babel/helper-simple-access Completed in 4775ms
337 timing reifyNode:node_modules/@babel/helper-hoist-variables Completed in 4778ms
338 timing reifyNode:node_modules/@babel/plugin-proposal-private-property-in-object Completed in 4797ms
339 timing reifyNode:node_modules/@babel/helper-function-name Completed in 4796ms
340 http fetch GET 200 https://cdn.npmmirror.com/packages/regexpu-core/5.3.2/regexpu-core-5.3.2.tgz 4622ms (cache miss)
341 timing reifyNode:node_modules/@babel/helper-string-parser Completed in 4820ms
342 http fetch GET 200 https://cdn.npmmirror.com/packages/regjsparser/0.9.1/regjsparser-0.9.1.tgz 4659ms (cache miss)
343 timing reifyNode:node_modules/node-releases Completed in 4860ms
344 timing reifyNode:node_modules/regexpu-core Completed in 4875ms
345 timing reifyNode:node_modules/babel-plugin-polyfill-regenerator Completed in 4875ms
346 timing reifyNode:node_modules/jsesc Completed in 4893ms
347 timing reifyNode:node_modules/color-name Completed in 4894ms
348 http fetch GET 200 https://cdn.npmmirror.com/packages/semver/6.3.1/semver-6.3.1.tgz 4701ms (cache miss)
349 timing reifyNode:node_modules/regjsparser Completed in 4900ms
350 timing reifyNode:node_modules/color-convert Completed in 4900ms
351 timing reifyNode:node_modules/picocolors Completed in 4917ms
352 timing reifyNode:node_modules/regjsparser/node_modules/jsesc Completed in 4924ms
353 timing reifyNode:node_modules/estree-walker Completed in 4924ms
354 http fetch GET 200 https://cdn.npmmirror.com/packages/%40babel/helper-skip-transparent-expression-wrappers/7.24.7/helper-skip-transparent-expression-wrappers-7.24.7.tgz 4611ms (cache miss)
355 timing reifyNode:node_modules/chalk Completed in 4942ms
356 http fetch GET 200 https://cdn.npmmirror.com/packages/%40babel/helper-optimise-call-expression/7.24.7/helper-optimise-call-expression-7.24.7.tgz 4613ms (cache miss)
357 http fetch GET 200 https://cdn.npmmirror.com/packages/%40babel/plugin-transform-unicode-escapes/7.24.7/plugin-transform-unicode-escapes-7.24.7.tgz 4703ms (cache miss)
358 http fetch GET 200 https://cdn.npmmirror.com/packages/debug/4.3.5/debug-4.3.5.tgz 4728ms (cache miss)
359 http fetch GET 200 https://cdn.npmmirror.com/packages/esutils/2.0.3/esutils-2.0.3.tgz 4742ms (cache miss)
360 timing reifyNode:node_modules/semver Completed in 4963ms
361 timing reifyNode:node_modules/gensync Completed in 4978ms
362 http fetch GET 200 https://cdn.npmmirror.com/packages/%40babel/plugin-transform-private-property-in-object/7.24.7/plugin-transform-private-property-in-object-7.24.7.tgz 4718ms (cache miss)
363 http fetch GET 200 https://cdn.npmmirror.com/packages/%40babel/plugin-transform-modules-amd/7.24.7/plugin-transform-modules-amd-7.24.7.tgz 4710ms (cache miss)
364 http fetch GET 200 https://cdn.npmmirror.com/packages/%40babel/plugin-transform-computed-properties/7.24.7/plugin-transform-computed-properties-7.24.7.tgz 4701ms (cache miss)
365 http fetch GET 200 https://cdn.npmmirror.com/packages/%40babel/plugin-transform-template-literals/7.24.7/plugin-transform-template-literals-7.24.7.tgz 4733ms (cache miss)
366 http fetch GET 200 https://cdn.npmmirror.com/packages/%40babel/plugin-transform-function-name/7.24.7/plugin-transform-function-name-7.24.7.tgz 4741ms (cache miss)
367 http fetch GET 200 https://cdn.npmmirror.com/packages/%40babel/plugin-bugfix-firefox-class-in-computed-class-key/7.24.7/plugin-bugfix-firefox-class-in-computed-class-key-7.24.7.tgz 4696ms (cache miss)
368 http fetch GET 200 https://cdn.npmmirror.com/packages/%40babel/plugin-transform-named-capturing-groups-regex/7.24.7/plugin-transform-named-capturing-groups-regex-7.24.7.tgz 4747ms (cache miss)
369 http fetch GET 200 https://cdn.npmmirror.com/packages/%40babel/plugin-bugfix-v8-spread-parameters-in-optional-chaining/7.24.7/plugin-bugfix-v8-spread-parameters-in-optional-chaining-7.24.7.tgz 4704ms (cache miss)
370 http fetch GET 200 https://cdn.npmmirror.com/packages/%40babel/plugin-transform-unicode-sets-regex/7.24.7/plugin-transform-unicode-sets-regex-7.24.7.tgz 4773ms (cache miss)
371 http fetch GET 200 https://cdn.npmmirror.com/packages/%40babel/plugin-transform-typeof-symbol/7.24.7/plugin-transform-typeof-symbol-7.24.7.tgz 4772ms (cache miss)
372 http fetch GET 200 https://cdn.npmmirror.com/packages/%40babel/plugin-transform-dynamic-import/7.24.7/plugin-transform-dynamic-import-7.24.7.tgz 4741ms (cache miss)
373 http fetch GET 200 https://cdn.npmmirror.com/packages/%40babel/plugin-transform-nullish-coalescing-operator/7.24.7/plugin-transform-nullish-coalescing-operator-7.24.7.tgz 4755ms (cache miss)
374 http fetch GET 200 https://cdn.npmmirror.com/packages/%40babel/plugin-transform-duplicate-keys/7.24.7/plugin-transform-duplicate-keys-7.24.7.tgz 4744ms (cache miss)
375 http fetch GET 200 https://cdn.npmmirror.com/packages/%40babel/plugin-transform-reserved-words/7.24.7/plugin-transform-reserved-words-7.24.7.tgz 4766ms (cache miss)
376 http fetch GET 200 https://cdn.npmmirror.com/packages/%40babel/plugin-transform-sticky-regex/7.24.7/plugin-transform-sticky-regex-7.24.7.tgz 4774ms (cache miss)
377 http fetch GET 200 https://cdn.npmmirror.com/packages/%40babel/plugin-transform-class-properties/7.24.7/plugin-transform-class-properties-7.24.7.tgz 4736ms (cache miss)
378 http fetch GET 200 https://cdn.npmmirror.com/packages/%40babel/plugin-transform-exponentiation-operator/7.24.7/plugin-transform-exponentiation-operator-7.24.7.tgz 4746ms (cache miss)
379 http fetch GET 200 https://cdn.npmmirror.com/packages/%40babel/plugin-transform-object-super/7.24.7/plugin-transform-object-super-7.24.7.tgz 4763ms (cache miss)
380 http fetch GET 200 https://cdn.npmmirror.com/packages/%40babel/plugin-transform-unicode-regex/7.24.7/plugin-transform-unicode-regex-7.24.7.tgz 4778ms (cache miss)
381 http fetch GET 200 https://cdn.npmmirror.com/packages/%40babel/plugin-transform-unicode-property-regex/7.24.7/plugin-transform-unicode-property-regex-7.24.7.tgz 4779ms (cache miss)
382 http fetch GET 200 https://cdn.npmmirror.com/packages/%40babel/plugin-transform-numeric-separator/7.24.7/plugin-transform-numeric-separator-7.24.7.tgz 4763ms (cache miss)
383 timing reifyNode:node_modules/debug Completed in 5029ms
384 http fetch GET 200 https://cdn.npmmirror.com/packages/%40babel/plugin-transform-spread/7.24.7/plugin-transform-spread-7.24.7.tgz 4774ms (cache miss)
385 http fetch GET 200 https://cdn.npmmirror.com/packages/%40babel/plugin-syntax-import-assertions/7.24.7/plugin-syntax-import-assertions-7.24.7.tgz 4731ms (cache miss)
386 http fetch GET 200 https://cdn.npmmirror.com/packages/%40babel/helper-annotate-as-pure/7.24.7/helper-annotate-as-pure-7.24.7.tgz 4689ms (cache miss)
387 http fetch GET 200 https://cdn.npmmirror.com/packages/%40babel/plugin-transform-modules-umd/7.24.7/plugin-transform-modules-umd-7.24.7.tgz 4774ms (cache miss)
388 http fetch GET 200 https://cdn.npmmirror.com/packages/%40babel/helper-wrap-function/7.24.7/helper-wrap-function-7.24.7.tgz 4717ms (cache miss)
389 timing reifyNode:node_modules/@babel/helper-skip-transparent-expression-wrappers Completed in 5038ms
390 http fetch GET 200 https://cdn.npmmirror.com/packages/%40babel/plugin-bugfix-v8-static-class-fields-redefine-readonly/7.24.7/plugin-bugfix-v8-static-class-fields-redefine-readonly-7.24.7.tgz 4739ms (cache miss)
391 timing reifyNode:node_modules/@babel/helper-optimise-call-expression Completed in 5058ms
392 http fetch GET 200 https://cdn.npmmirror.com/packages/%40babel/plugin-transform-literals/7.24.7/plugin-transform-literals-7.24.7.tgz 4790ms (cache miss)
393 timing reifyNode:node_modules/@babel/plugin-transform-unicode-escapes Completed in 5065ms
394 http fetch GET 200 https://cdn.npmmirror.com/packages/%40babel/plugin-transform-private-methods/7.24.7/plugin-transform-private-methods-7.24.7.tgz 4808ms (cache miss)
395 http fetch GET 200 https://cdn.npmmirror.com/packages/%40babel/plugin-transform-export-namespace-from/7.24.7/plugin-transform-export-namespace-from-7.24.7.tgz 4791ms (cache miss)
396 http fetch GET 200 https://cdn.npmmirror.com/packages/%40babel/plugin-transform-property-literals/7.24.7/plugin-transform-property-literals-7.24.7.tgz 4811ms (cache miss)
397 http fetch GET 200 https://cdn.npmmirror.com/packages/%40babel/plugin-transform-dotall-regex/7.24.7/plugin-transform-dotall-regex-7.24.7.tgz 4789ms (cache miss)
398 http fetch GET 200 https://cdn.npmmirror.com/packages/%40babel/plugin-transform-optional-catch-binding/7.24.7/plugin-transform-optional-catch-binding-7.24.7.tgz 4806ms (cache miss)
399 http fetch GET 200 https://cdn.npmmirror.com/packages/%40babel/plugin-transform-logical-assignment-operators/7.24.7/plugin-transform-logical-assignment-operators-7.24.7.tgz 4798ms (cache miss)
400 http fetch GET 200 https://cdn.npmmirror.com/packages/%40babel/helper-remap-async-to-generator/7.24.7/helper-remap-async-to-generator-7.24.7.tgz 4739ms (cache miss)
401 http fetch GET 200 https://cdn.npmmirror.com/packages/%40babel/plugin-transform-regenerator/7.24.7/plugin-transform-regenerator-7.24.7.tgz 4817ms (cache miss)
402 http fetch GET 200 https://cdn.npmmirror.com/packages/%40babel/plugin-transform-shorthand-properties/7.24.7/plugin-transform-shorthand-properties-7.24.7.tgz 4819ms (cache miss)
403 timing reifyNode:node_modules/esutils Completed in 5077ms
404 http fetch GET 200 https://cdn.npmmirror.com/packages/%40babel/plugin-transform-class-static-block/7.24.7/plugin-transform-class-static-block-7.24.7.tgz 4789ms (cache miss)
405 http fetch GET 200 https://cdn.npmmirror.com/packages/%40babel/plugin-transform-async-to-generator/7.24.7/plugin-transform-async-to-generator-7.24.7.tgz 4787ms (cache miss)
406 http fetch GET 200 https://cdn.npmmirror.com/packages/%40babel/plugin-transform-block-scoped-functions/7.24.7/plugin-transform-block-scoped-functions-7.24.7.tgz 4787ms (cache miss)
407 http fetch GET 200 https://cdn.npmmirror.com/packages/%40babel/plugin-transform-new-target/7.24.7/plugin-transform-new-target-7.24.7.tgz 4814ms (cache miss)
408 timing reifyNode:node_modules/@babel/plugin-transform-function-name Completed in 5078ms
409 http fetch GET 200 https://cdn.npmmirror.com/packages/%40babel/plugin-transform-json-strings/7.24.7/plugin-transform-json-strings-7.24.7.tgz 4809ms (cache miss)
410 http fetch GET 200 https://cdn.npmmirror.com/packages/%40babel/helper-replace-supers/7.24.7/helper-replace-supers-7.24.7.tgz 4752ms (cache miss)
411 timing reifyNode:node_modules/@babel/plugin-transform-unicode-sets-regex Completed in 5082ms
412 timing reifyNode:node_modules/@babel/plugin-transform-typeof-symbol Completed in 5083ms
413 timing reifyNode:node_modules/@babel/plugin-transform-dynamic-import Completed in 5085ms
414 timing reifyNode:node_modules/@babel/plugin-transform-private-property-in-object Completed in 5088ms
415 timing reifyNode:node_modules/@babel/plugin-transform-nullish-coalescing-operator Completed in 5088ms
416 timing reifyNode:node_modules/@babel/plugin-transform-duplicate-keys Completed in 5087ms
417 http fetch GET 200 https://cdn.npmmirror.com/packages/%40babel/plugin-transform-arrow-functions/7.24.7/plugin-transform-arrow-functions-7.24.7.tgz 4799ms (cache miss)
418 timing reifyNode:node_modules/@babel/plugin-transform-modules-amd Completed in 5088ms
419 timing reifyNode:node_modules/@babel/plugin-transform-reserved-words Completed in 5090ms
420 timing reifyNode:node_modules/@babel/plugin-transform-sticky-regex Completed in 5090ms
421 timing reifyNode:node_modules/@babel/plugin-transform-class-properties Completed in 5088ms
422 timing reifyNode:node_modules/@babel/plugin-transform-exponentiation-operator Completed in 5090ms
423 timing reifyNode:node_modules/@babel/plugin-transform-unicode-regex Completed in 5092ms
424 timing reifyNode:node_modules/@babel/plugin-transform-object-super Completed in 5091ms
425 timing reifyNode:node_modules/@babel/plugin-transform-computed-properties Completed in 5090ms
426 timing reifyNode:node_modules/@babel/plugin-transform-unicode-property-regex Completed in 5093ms
427 timing reifyNode:node_modules/@babel/plugin-transform-template-literals Completed in 5093ms
428 timing reifyNode:node_modules/@babel/plugin-transform-numeric-separator Completed in 5092ms
429 http fetch GET 200 https://cdn.npmmirror.com/packages/%40babel/plugin-syntax-import-attributes/7.24.7/plugin-syntax-import-attributes-7.24.7.tgz 4794ms (cache miss)
430 timing reifyNode:node_modules/@babel/plugin-syntax-import-assertions Completed in 5090ms
431 timing reifyNode:node_modules/@jridgewell/set-array Completed in 5104ms
432 http fetch GET 200 https://cdn.npmmirror.com/packages/%40babel/plugin-transform-member-expression-literals/7.24.7/plugin-transform-member-expression-literals-7.24.7.tgz 4832ms (cache miss)
433 timing reifyNode:node_modules/@babel/plugin-bugfix-firefox-class-in-computed-class-key Completed in 5099ms
434 timing reifyNode:node_modules/@babel/plugin-transform-named-capturing-groups-regex Completed in 5106ms
435 timing reifyNode:node_modules/@jridgewell/resolve-uri Completed in 5109ms
436 timing reifyNode:node_modules/@babel/plugin-bugfix-v8-spread-parameters-in-optional-chaining Completed in 5104ms
437 timing reifyNode:node_modules/@babel/plugin-bugfix-v8-static-class-fields-redefine-readonly Completed in 5105ms
438 timing reifyNode:node_modules/@babel/plugin-transform-literals Completed in 5108ms
439 timing reifyNode:node_modules/@babel/plugin-transform-spread Completed in 5111ms
440 timing reifyNode:node_modules/@babel/plugin-transform-private-methods Completed in 5111ms
441 timing reifyNode:node_modules/@babel/plugin-transform-export-namespace-from Completed in 5110ms
442 timing reifyNode:node_modules/@babel/plugin-transform-property-literals Completed in 5111ms
443 timing reifyNode:node_modules/@babel/plugin-transform-dotall-regex Completed in 5110ms
444 timing reifyNode:node_modules/@babel/plugin-transform-optional-catch-binding Completed in 5112ms
445 timing reifyNode:node_modules/@babel/plugin-transform-logical-assignment-operators Completed in 5111ms
446 timing reifyNode:node_modules/@babel/helper-remap-async-to-generator Completed in 5109ms
447 timing reifyNode:node_modules/@babel/helper-annotate-as-pure Completed in 5108ms
448 timing reifyNode:node_modules/@babel/plugin-transform-regenerator Completed in 5114ms
449 timing reifyNode:node_modules/@babel/plugin-transform-shorthand-properties Completed in 5116ms
450 http fetch GET 200 https://cdn.npmmirror.com/packages/%40babel/helper-plugin-utils/7.24.7/helper-plugin-utils-7.24.7.tgz 4785ms (cache miss)
451 http fetch GET 200 https://cdn.npmmirror.com/packages/%40babel/plugin-transform-optional-chaining/7.24.7/plugin-transform-optional-chaining-7.24.7.tgz 4857ms (cache miss)
452 timing reifyNode:node_modules/@babel/plugin-transform-class-static-block Completed in 5114ms
453 timing reifyNode:node_modules/@babel/plugin-transform-async-to-generator Completed in 5114ms
454 timing reifyNode:node_modules/@babel/plugin-transform-block-scoped-functions Completed in 5114ms
455 timing reifyNode:node_modules/@babel/plugin-transform-modules-umd Completed in 5117ms
456 http fetch GET 200 https://cdn.npmmirror.com/packages/%40babel/helper-member-expression-to-functions/7.24.7/helper-member-expression-to-functions-7.24.7.tgz 4784ms (cache miss)
457 timing reifyNode:node_modules/@babel/plugin-transform-new-target Completed in 5118ms
458 timing reifyNode:node_modules/@babel/helper-wrap-function Completed in 5116ms
459 timing reifyNode:node_modules/@babel/plugin-transform-json-strings Completed in 5118ms
460 timing reifyNode:node_modules/@babel/plugin-syntax-import-attributes Completed in 5123ms
461 timing reifyNode:node_modules/@babel/plugin-transform-member-expression-literals Completed in 5132ms
462 http fetch GET 200 https://cdn.npmmirror.com/packages/%40jridgewell/sourcemap-codec/1.4.15/sourcemap-codec-1.4.15.tgz 4900ms (cache miss)
463 timing reifyNode:node_modules/@babel/helper-replace-supers Completed in 5130ms
464 timing reifyNode:node_modules/@babel/plugin-transform-arrow-functions Completed in 5133ms
465 http fetch GET 200 https://cdn.npmmirror.com/packages/%40babel/plugin-transform-object-rest-spread/7.24.7/plugin-transform-object-rest-spread-7.24.7.tgz 4878ms (cache miss)
466 http fetch GET 200 https://cdn.npmmirror.com/packages/%40babel/plugin-transform-modules-systemjs/7.24.7/plugin-transform-modules-systemjs-7.24.7.tgz 4876ms (cache miss)
467 timing reifyNode:node_modules/@babel/plugin-transform-optional-chaining Completed in 5142ms
468 timing reifyNode:node_modules/@babel/helper-member-expression-to-functions Completed in 5139ms
469 timing reifyNode:node_modules/escalade Completed in 5147ms
470 http fetch GET 200 https://cdn.npmmirror.com/packages/%40babel/plugin-transform-async-generator-functions/7.24.7/plugin-transform-async-generator-functions-7.24.7.tgz 4860ms (cache miss)
471 timing reifyNode:node_modules/@babel/helper-plugin-utils Completed in 5150ms
472 timing reifyNode:node_modules/update-browserslist-db Completed in 5166ms
473 http fetch GET 200 https://cdn.npmmirror.com/packages/%40babel/plugin-bugfix-safari-id-destructuring-collision-in-function-expression/7.24.7/plugin-bugfix-safari-id-destructuring-collision-in-function-expression-7.24.7.tgz 4845ms (cache miss)
474 timing reifyNode:node_modules/is-core-module Completed in 5164ms
475 timing reifyNode:node_modules/@babel/plugin-transform-object-rest-spread Completed in 5171ms
476 timing reifyNode:node_modules/@babel/plugin-transform-modules-systemjs Completed in 5172ms
477 timing reifyNode:node_modules/@babel/helper-validator-option Completed in 5172ms
478 timing reifyNode:node_modules/@jridgewell/sourcemap-codec Completed in 5179ms
479 http fetch GET 200 https://cdn.npmmirror.com/packages/%40babel/helper-builder-binary-assignment-operator-visitor/7.24.7/helper-builder-binary-assignment-operator-visitor-7.24.7.tgz 4845ms (cache miss)
480 timing reifyNode:node_modules/hasown Completed in 5192ms
481 timing reifyNode:node_modules/@babel/plugin-bugfix-safari-id-destructuring-collision-in-function-expression Completed in 5185ms
482 timing reifyNode:node_modules/@babel/plugin-transform-async-generator-functions Completed in 5187ms
483 http fetch GET 200 https://cdn.npmmirror.com/packages/%40babel/helper-validator-identifier/7.24.7/helper-validator-identifier-7.24.7.tgz 4864ms (cache miss)
484 http fetch GET 200 https://cdn.npmmirror.com/packages/%40babel/plugin-transform-for-of/7.24.7/plugin-transform-for-of-7.24.7.tgz 4920ms (cache miss)
485 timing reifyNode:node_modules/supports-preserve-symlinks-flag Completed in 5201ms
486 http fetch GET 200 https://cdn.npmmirror.com/packages/babel-plugin-polyfill-corejs2/0.4.11/babel-plugin-polyfill-corejs2-0.4.11.tgz 4964ms (cache miss)
487 timing reifyNode:node_modules/@babel/helper-builder-binary-assignment-operator-visitor Completed in 5199ms
488 timing reifyNode:node_modules/@babel/helper-validator-identifier Completed in 5201ms
489 http fetch GET 200 https://cdn.npmmirror.com/packages/browserslist/4.23.1/browserslist-4.23.1.tgz 4993ms (cache miss)
490 timing reifyNode:node_modules/@babel/plugin-transform-for-of Completed in 5221ms
491 timing reifyNode:node_modules/babel-plugin-polyfill-corejs2 Completed in 5226ms
492 timing reifyNode:node_modules/@jridgewell/gen-mapping Completed in 5236ms
493 timing reifyNode:node_modules/browserslist Completed in 5242ms
494 timing reifyNode:node_modules/@babel/helper-module-imports Completed in 5250ms
495 http fetch GET 200 https://cdn.npmmirror.com/packages/%40babel/helper-create-regexp-features-plugin/7.24.7/helper-create-regexp-features-plugin-7.24.7.tgz 4916ms (cache miss)
496 timing reifyNode:node_modules/function-bind Completed in 5264ms
497 http fetch GET 200 https://cdn.npmmirror.com/packages/%40babel/plugin-transform-destructuring/7.24.7/plugin-transform-destructuring-7.24.7.tgz 4986ms (cache miss)
498 timing reifyNode:node_modules/@babel/plugin-transform-destructuring Completed in 5266ms
499 http fetch GET 200 https://cdn.npmmirror.com/packages/%40ampproject/remapping/2.3.0/remapping-2.3.0.tgz 4917ms (cache miss)
500 timing reifyNode:node_modules/@babel/helper-create-regexp-features-plugin Completed in 5265ms
501 http fetch GET 200 https://cdn.npmmirror.com/packages/%40babel/plugin-transform-classes/7.24.7/plugin-transform-classes-7.24.7.tgz 4992ms (cache miss)
502 timing reifyNode:node_modules/@ampproject/remapping Completed in 5276ms
503 http fetch GET 200 https://cdn.npmmirror.com/packages/%40babel/plugin-transform-modules-commonjs/7.24.7/plugin-transform-modules-commonjs-7.24.7.tgz 5018ms (cache miss)
504 timing reifyNode:node_modules/@babel/plugin-transform-classes Completed in 5295ms
505 warn deprecated rollup-plugin-babel@4.4.0: This package has been deprecated and is no longer maintained. Please use @rollup/plugin-babel.
506 timing reifyNode:node_modules/rollup-plugin-babel Completed in 5319ms
507 timing reifyNode:node_modules/@babel/plugin-transform-modules-commonjs Completed in 5316ms
508 http fetch GET 200 https://cdn.npmmirror.com/packages/%40babel/plugin-transform-parameters/7.24.7/plugin-transform-parameters-7.24.7.tgz 5067ms (cache miss)
509 timing reifyNode:node_modules/@babel/plugin-transform-parameters Completed in 5336ms
510 http fetch GET 200 https://cdn.npmmirror.com/packages/%40babel/plugin-transform-block-scoping/7.24.7/plugin-transform-block-scoping-7.24.7.tgz 5054ms (cache miss)
511 timing reifyNode:node_modules/@babel/compat-data Completed in 5339ms
512 http fetch GET 200 https://cdn.npmmirror.com/packages/electron-to-chromium/1.4.801/electron-to-chromium-1.4.801.tgz 5131ms (cache miss)
513 timing reifyNode:node_modules/@babel/plugin-transform-block-scoping Completed in 5354ms
514 timing reifyNode:node_modules/electron-to-chromium Completed in 5364ms
515 http fetch GET 200 https://cdn.npmmirror.com/packages/%40jridgewell/trace-mapping/0.3.25/trace-mapping-0.3.25.tgz 5154ms (cache miss)
516 timing reifyNode:node_modules/@babel/helper-compilation-targets Completed in 5386ms
517 http fetch GET 200 https://cdn.npmmirror.com/packages/rollup-pluginutils/2.8.2/rollup-pluginutils-2.8.2.tgz 5204ms (cache miss)
518 http fetch GET 200 https://cdn.npmmirror.com/packages/babel-plugin-polyfill-corejs3/0.10.4/babel-plugin-polyfill-corejs3-0.10.4.tgz 5166ms (cache miss)
519 timing reifyNode:node_modules/@jridgewell/trace-mapping Completed in 5407ms
520 timing reifyNode:node_modules/rollup-pluginutils Completed in 5416ms
521 http fetch GET 200 https://cdn.npmmirror.com/packages/%40babel/helper-module-transforms/7.24.7/helper-module-transforms-7.24.7.tgz 5078ms (cache miss)
522 timing reifyNode:node_modules/babel-plugin-polyfill-corejs3 Completed in 5413ms
523 http fetch GET 200 https://cdn.npmmirror.com/packages/%40babel/template/7.24.7/template-7.24.7.tgz 5175ms (cache miss)
524 timing reifyNode:node_modules/@babel/helper-module-transforms Completed in 5420ms
525 timing reifyNode:node_modules/@babel/template Completed in 5428ms
526 http fetch GET 200 https://cdn.npmmirror.com/packages/regenerator-transform/0.15.2/regenerator-transform-0.15.2.tgz 5234ms (cache miss)
527 timing reifyNode:node_modules/regenerator-transform Completed in 5441ms
528 http fetch GET 200 https://cdn.npmmirror.com/packages/json5/2.2.3/json5-2.2.3.tgz 5281ms (cache miss)
529 http fetch GET 200 https://cdn.npmmirror.com/packages/%40babel/helper-define-polyfill-provider/0.6.2/helper-define-polyfill-provider-0.6.2.tgz 5152ms (cache miss)
530 timing reifyNode:node_modules/json5 Completed in 5495ms
531 timing reifyNode:node_modules/@babel/helper-define-polyfill-provider Completed in 5499ms
532 http fetch GET 200 https://cdn.npmmirror.com/packages/core-js-compat/3.37.1/core-js-compat-3.37.1.tgz 5298ms (cache miss)
533 timing reifyNode:node_modules/core-js-compat Completed in 5529ms
534 timing reifyNode:node_modules/@babel/preset-modules Completed in 5576ms
535 http fetch GET 200 https://cdn.npmmirror.com/packages/%40babel/helper-create-class-features-plugin/7.24.7/helper-create-class-features-plugin-7.24.7.tgz 5238ms (cache miss)
536 timing reifyNode:node_modules/@babel/helper-create-class-features-plugin Completed in 5571ms
537 http fetch GET 200 https://cdn.npmmirror.com/packages/%40babel/parser/7.24.7/parser-7.24.7.tgz 5336ms (cache miss)
538 timing reifyNode:node_modules/@babel/parser Completed in 5655ms
539 http fetch GET 200 https://cdn.npmmirror.com/packages/%40babel/preset-env/7.24.7/preset-env-7.24.7.tgz 5514ms (cache miss)
540 timing reifyNode:node_modules/@babel/preset-env Completed in 5758ms
541 http fetch GET 200 https://cdn.npmmirror.com/packages/%40babel/generator/7.24.7/generator-7.24.7.tgz 5423ms (cache miss)
542 timing reifyNode:node_modules/@babel/generator Completed in 5765ms
543 http fetch GET 200 https://cdn.npmmirror.com/packages/%40babel/traverse/7.24.7/traverse-7.24.7.tgz 5819ms (cache miss)
544 timing reifyNode:node_modules/@babel/traverse Completed in 6067ms
545 http fetch GET 200 https://cdn.npmmirror.com/packages/resolve/1.22.8/resolve-1.22.8.tgz 6167ms (cache miss)
546 timing reifyNode:node_modules/resolve Completed in 6369ms
547 http fetch GET 200 https://cdn.npmmirror.com/packages/rollup/2.79.1/rollup-2.79.1.tgz 6208ms (cache miss)
548 timing reifyNode:node_modules/rollup Completed in 6409ms
549 http fetch GET 200 https://cdn.npmmirror.com/packages/%40babel/core/7.24.7/core-7.24.7.tgz 6188ms (cache miss)
550 timing reifyNode:node_modules/@babel/core Completed in 6533ms
551 http fetch GET 200 https://cdn.npmmirror.com/packages/%40babel/runtime/7.24.7/runtime-7.24.7.tgz 6591ms (cache miss)
552 timing reifyNode:node_modules/@babel/runtime Completed in 6836ms
553 http fetch GET 200 https://cdn.npmmirror.com/packages/%40babel/types/7.24.7/types-7.24.7.tgz 6671ms (cache miss)
554 timing reifyNode:node_modules/@babel/types Completed in 6913ms
555 http fetch GET 200 https://cdn.npmmirror.com/packages/%40babel/helpers/7.24.7/helpers-7.24.7.tgz 6602ms (cache miss)
556 timing reifyNode:node_modules/@babel/helpers Completed in 6924ms
557 http fetch GET 200 https://cdn.npmmirror.com/packages/regenerate-unicode-properties/10.1.1/regenerate-unicode-properties-10.1.1.tgz 7201ms (cache miss)
558 timing reifyNode:node_modules/regenerate-unicode-properties Completed in 7403ms
559 http fetch GET 200 https://cdn.npmmirror.com/packages/caniuse-lite/1.0.30001633/caniuse-lite-1.0.30001633.tgz 8552ms (cache miss)
560 timing reifyNode:node_modules/caniuse-lite Completed in 8783ms
561 timing reify:unpack Completed in 8789ms
562 timing reify:unretire Completed in 0ms
563 timing build:queue Completed in 7ms
564 timing build:link:node_modules/@babel/parser Completed in 23ms
565 timing build:link:node_modules/browserslist Completed in 30ms
566 timing build:link:node_modules/jsesc Completed in 30ms
567 timing build:link:node_modules/json5 Completed in 30ms
568 timing build:link:node_modules/regjsparser Completed in 30ms
569 timing build:link:node_modules/semver Completed in 30ms
570 timing build:link:node_modules/regjsparser/node_modules/jsesc Completed in 29ms
571 timing build:link:node_modules/resolve Completed in 30ms
572 timing build:link:node_modules/rollup Completed in 30ms
573 timing build:link:node_modules/update-browserslist-db Completed in 29ms
574 timing build:link Completed in 32ms
575 timing build:deps Completed in 40ms
576 timing build Completed in 40ms
577 timing reify:build Completed in 41ms
578 timing reify:trash Completed in 1ms
579 timing reify:save Completed in 139ms
580 timing reify Completed in 9391ms
581 silly ADD node_modules/yallist
582 silly ADD node_modules/update-browserslist-db
583 silly ADD node_modules/unicode-property-aliases-ecmascript
584 silly ADD node_modules/unicode-match-property-value-ecmascript
585 silly ADD node_modules/unicode-match-property-ecmascript
586 silly ADD node_modules/unicode-canonical-property-names-ecmascript
587 silly ADD node_modules/to-fast-properties
588 silly ADD node_modules/supports-preserve-symlinks-flag
589 silly ADD node_modules/supports-color
590 silly ADD node_modules/semver
591 silly ADD node_modules/rollup-pluginutils
592 silly ADD node_modules/rollup-plugin-babel
593 silly ADD node_modules/rollup
594 silly ADD node_modules/resolve
595 silly ADD node_modules/regjsparser
596 silly ADD node_modules/regjsparser/node_modules/jsesc
597 silly ADD node_modules/regexpu-core
598 silly ADD node_modules/regenerator-transform
599 silly ADD node_modules/regenerator-runtime
600 silly ADD node_modules/regenerate-unicode-properties
601 silly ADD node_modules/regenerate
602 silly ADD node_modules/picocolors
603 silly ADD node_modules/path-parse
604 silly ADD node_modules/node-releases
605 silly ADD node_modules/ms
606 silly ADD node_modules/lru-cache
607 silly ADD node_modules/lodash.debounce
608 silly ADD node_modules/json5
609 silly ADD node_modules/jsesc
610 silly ADD node_modules/js-tokens
611 silly ADD node_modules/is-core-module
612 silly ADD node_modules/hasown
613 silly ADD node_modules/has-flag
614 silly ADD node_modules/globals
615 silly ADD node_modules/gensync
616 silly ADD node_modules/function-bind
617 silly ADD
618 silly ADD node_modules/esutils
619 silly ADD node_modules/estree-walker
620 silly ADD node_modules/escape-string-regexp
621 silly ADD node_modules/escalade
622 silly ADD node_modules/electron-to-chromium
623 silly ADD node_modules/debug
624 silly ADD node_modules/core-js-compat
625 silly ADD node_modules/convert-source-map
626 silly ADD node_modules/color-name
627 silly ADD node_modules/color-convert
628 silly ADD node_modules/chalk
629 silly ADD node_modules/caniuse-lite
630 silly ADD node_modules/browserslist
631 silly ADD node_modules/babel-plugin-polyfill-regenerator
632 silly ADD node_modules/babel-plugin-polyfill-corejs3
633 silly ADD node_modules/babel-plugin-polyfill-corejs2
634 silly ADD node_modules/ansi-styles
635 silly ADD node_modules/@jridgewell/trace-mapping
636 silly ADD node_modules/@jridgewell/sourcemap-codec
637 silly ADD node_modules/@jridgewell/set-array
638 silly ADD node_modules/@jridgewell/resolve-uri
639 silly ADD node_modules/@jridgewell/gen-mapping
640 silly ADD node_modules/@babel/types
641 silly ADD node_modules/@babel/traverse
642 silly ADD node_modules/@babel/template
643 silly ADD node_modules/@babel/runtime
644 silly ADD node_modules/@babel/regjsgen
645 silly ADD node_modules/@babel/preset-modules
646 silly ADD node_modules/@babel/preset-env
647 silly ADD node_modules/@babel/plugin-transform-unicode-sets-regex
648 silly ADD node_modules/@babel/plugin-transform-unicode-regex
649 silly ADD node_modules/@babel/plugin-transform-unicode-property-regex
650 silly ADD node_modules/@babel/plugin-transform-unicode-escapes
651 silly ADD node_modules/@babel/plugin-transform-typeof-symbol
652 silly ADD node_modules/@babel/plugin-transform-template-literals
653 silly ADD node_modules/@babel/plugin-transform-sticky-regex
654 silly ADD node_modules/@babel/plugin-transform-spread
655 silly ADD node_modules/@babel/plugin-transform-shorthand-properties
656 silly ADD node_modules/@babel/plugin-transform-reserved-words
657 silly ADD node_modules/@babel/plugin-transform-regenerator
658 silly ADD node_modules/@babel/plugin-transform-property-literals
659 silly ADD node_modules/@babel/plugin-transform-private-property-in-object
660 silly ADD node_modules/@babel/plugin-transform-private-methods
661 silly ADD node_modules/@babel/plugin-transform-parameters
662 silly ADD node_modules/@babel/plugin-transform-optional-chaining
663 silly ADD node_modules/@babel/plugin-transform-optional-catch-binding
664 silly ADD node_modules/@babel/plugin-transform-object-super
665 silly ADD node_modules/@babel/plugin-transform-object-rest-spread
666 silly ADD node_modules/@babel/plugin-transform-numeric-separator
667 silly ADD node_modules/@babel/plugin-transform-nullish-coalescing-operator
668 silly ADD node_modules/@babel/plugin-transform-new-target
669 silly ADD node_modules/@babel/plugin-transform-named-capturing-groups-regex
670 silly ADD node_modules/@babel/plugin-transform-modules-umd
671 silly ADD node_modules/@babel/plugin-transform-modules-systemjs
672 silly ADD node_modules/@babel/plugin-transform-modules-commonjs
673 silly ADD node_modules/@babel/plugin-transform-modules-amd
674 silly ADD node_modules/@babel/plugin-transform-member-expression-literals
675 silly ADD node_modules/@babel/plugin-transform-logical-assignment-operators
676 silly ADD node_modules/@babel/plugin-transform-literals
677 silly ADD node_modules/@babel/plugin-transform-json-strings
678 silly ADD node_modules/@babel/plugin-transform-function-name
679 silly ADD node_modules/@babel/plugin-transform-for-of
680 silly ADD node_modules/@babel/plugin-transform-export-namespace-from
681 silly ADD node_modules/@babel/plugin-transform-exponentiation-operator
682 silly ADD node_modules/@babel/plugin-transform-dynamic-import
683 silly ADD node_modules/@babel/plugin-transform-duplicate-keys
684 silly ADD node_modules/@babel/plugin-transform-dotall-regex
685 silly ADD node_modules/@babel/plugin-transform-destructuring
686 silly ADD node_modules/@babel/plugin-transform-computed-properties
687 silly ADD node_modules/@babel/plugin-transform-classes
688 silly ADD node_modules/@babel/plugin-transform-class-static-block
689 silly ADD node_modules/@babel/plugin-transform-class-properties
690 silly ADD node_modules/@babel/plugin-transform-block-scoping
691 silly ADD node_modules/@babel/plugin-transform-block-scoped-functions
692 silly ADD node_modules/@babel/plugin-transform-async-to-generator
693 silly ADD node_modules/@babel/plugin-transform-async-generator-functions
694 silly ADD node_modules/@babel/plugin-transform-arrow-functions
695 silly ADD node_modules/@babel/plugin-syntax-unicode-sets-regex
696 silly ADD node_modules/@babel/plugin-syntax-top-level-await
697 silly ADD node_modules/@babel/plugin-syntax-private-property-in-object
698 silly ADD node_modules/@babel/plugin-syntax-optional-chaining
699 silly ADD node_modules/@babel/plugin-syntax-optional-catch-binding
700 silly ADD node_modules/@babel/plugin-syntax-object-rest-spread
701 silly ADD node_modules/@babel/plugin-syntax-numeric-separator
702 silly ADD node_modules/@babel/plugin-syntax-nullish-coalescing-operator
703 silly ADD node_modules/@babel/plugin-syntax-logical-assignment-operators
704 silly ADD node_modules/@babel/plugin-syntax-json-strings
705 silly ADD node_modules/@babel/plugin-syntax-import-meta
706 silly ADD node_modules/@babel/plugin-syntax-import-attributes
707 silly ADD node_modules/@babel/plugin-syntax-import-assertions
708 silly ADD node_modules/@babel/plugin-syntax-export-namespace-from
709 silly ADD node_modules/@babel/plugin-syntax-dynamic-import
710 silly ADD node_modules/@babel/plugin-syntax-class-static-block
711 silly ADD node_modules/@babel/plugin-syntax-class-properties
712 silly ADD node_modules/@babel/plugin-syntax-async-generators
713 silly ADD node_modules/@babel/plugin-proposal-private-property-in-object
714 silly ADD node_modules/@babel/plugin-bugfix-v8-static-class-fields-redefine-readonly
715 silly ADD node_modules/@babel/plugin-bugfix-v8-spread-parameters-in-optional-chaining
716 silly ADD node_modules/@babel/plugin-bugfix-safari-id-destructuring-collision-in-function-expression
717 silly ADD node_modules/@babel/plugin-bugfix-firefox-class-in-computed-class-key
718 silly ADD node_modules/@babel/parser
719 silly ADD node_modules/@babel/highlight
720 silly ADD node_modules/@babel/helpers
721 silly ADD node_modules/@babel/helper-wrap-function
722 silly ADD node_modules/@babel/helper-validator-option
723 silly ADD node_modules/@babel/helper-validator-identifier
724 silly ADD node_modules/@babel/helper-string-parser
725 silly ADD node_modules/@babel/helper-split-export-declaration
726 silly ADD node_modules/@babel/helper-skip-transparent-expression-wrappers
727 silly ADD node_modules/@babel/helper-simple-access
728 silly ADD node_modules/@babel/helper-replace-supers
729 silly ADD node_modules/@babel/helper-remap-async-to-generator
730 silly ADD node_modules/@babel/helper-plugin-utils
731 silly ADD node_modules/@babel/helper-optimise-call-expression
732 silly ADD node_modules/@babel/helper-module-transforms
733 silly ADD node_modules/@babel/helper-module-imports
734 silly ADD node_modules/@babel/helper-member-expression-to-functions
735 silly ADD node_modules/@babel/helper-hoist-variables
736 silly ADD node_modules/@babel/helper-function-name
737 silly ADD node_modules/@babel/helper-environment-visitor
738 silly ADD node_modules/@babel/helper-define-polyfill-provider
739 silly ADD node_modules/@babel/helper-create-regexp-features-plugin
740 silly ADD node_modules/@babel/helper-create-class-features-plugin
741 silly ADD node_modules/@babel/helper-compilation-targets
742 silly ADD node_modules/@babel/helper-builder-binary-assignment-operator-visitor
743 silly ADD node_modules/@babel/helper-annotate-as-pure
744 silly ADD node_modules/@babel/generator
745 silly ADD node_modules/@babel/core
746 silly ADD node_modules/@babel/compat-data
747 silly ADD node_modules/@babel/code-frame
748 silly ADD node_modules/@ampproject/remapping
749 timing command:i Completed in 9407ms
750 notice
750 notice New [33mminor[39m version of npm available! [31m10.2.4[39m -> [32m10.8.1[39m
750 notice Changelog: [36mhttps://github.com/npm/cli/releases/tag/v10.8.1[39m
750 notice Run [32mnpm install -g npm@10.8.1[39m to update!
750 notice
751 verbose exit 0
752 timing npm Completed in 9777ms
753 info ok
