0 verbose cli F:\nvm\node\node.exe F:\nvm\node\node_modules\npm\bin\npm-cli.js
1 info using npm@8.19.2
2 info using node@v16.18.0
3 timing npm:load:whichnode Completed in 0ms
4 timing config:load:defaults Completed in 4ms
5 timing config:load:file:F:\nvm\nvm\v16.18.0\node_modules\npm\npmrc Completed in 2ms
6 timing config:load:builtin Completed in 2ms
7 timing config:load:cli Completed in 5ms
8 timing config:load:env Completed in 1ms
9 timing config:load:project Completed in 2ms
10 timing config:load:file:C:\Users\zgy\.npmrc Completed in 5ms
11 timing config:load:user Completed in 5ms
12 timing config:load:file:F:\learn\vue\珠峰\01-vue\vue2\jiagouke-vue2021\11.vue-ssr\nvm\node_globel\etc\npmrc Completed in 0ms
13 timing config:load:global Completed in 1ms
14 timing config:load:validate Completed in 3ms
15 timing config:load:credentials Completed in 3ms
16 timing config:load:setEnvs Completed in 2ms
17 timing config:load Completed in 30ms
18 timing npm:load:configload Completed in 30ms
19 timing npm:load:mkdirpcache Completed in 1ms
20 timing npm:load:mkdirplogs Completed in 1ms
21 verbose title npm prefix
22 verbose argv "prefix" "--global"
23 timing npm:load:setTitle Completed in 3ms
24 timing config:load:flatten Completed in 7ms
25 timing npm:load:display Completed in 9ms
26 verbose logfile logs-max:10 dir:F:\learn\vue\珠峰\01-vue\vue2\jiagouke-vue2021\11.vue-ssr\nvm\node_globel\_logs
27 verbose logfile F:\learn\vue\珠峰\01-vue\vue2\jiagouke-vue2021\11.vue-ssr\nvm\node_globel\_logs\2024-07-25T09_02_43_601Z-debug-0.log
28 timing npm:load:logFile Completed in 13ms
29 timing npm:load:timers Completed in 0ms
30 timing npm:load:configScope Completed in 0ms
31 timing npm:load Completed in 61ms
32 timing command:prefix Completed in 4ms
33 verbose exit 0
34 timing npm Completed in 88ms
35 info ok
